2022-09-21 11:50:35 INFO [com.example.yy.YYMusicApplication]: Starting YYMusicApplication using Java 1.8.0_342 on WINDOWS-DIUO5D0 with PID 8200 (D:\Projects\music\YY-Music\music-server\target\classes started by EDY in D:\Projects\music\YY-Music\music-server)
2022-09-21 11:50:35 INFO [com.example.yy.YYMusicApplication]: The following profiles are active: dev
2022-09-21 11:50:35 INFO [org.springframework.boot.devtools.env.DevToolsPropertyDefaultsPostProcessor]: Devtools property defaults active! Set 'spring.devtools.add-properties' to 'false' to disable
2022-09-21 11:50:35 INFO [org.springframework.boot.devtools.env.DevToolsPropertyDefaultsPostProcessor]: For additional web related logging consider setting the 'logging.level.web' property to 'DEBUG'
2022-09-21 11:50:36 INFO [org.springframework.data.repository.config.RepositoryConfigurationDelegate]: Multiple Spring Data modules found, entering strict repository configuration mode!
2022-09-21 11:50:36 INFO [org.springframework.data.repository.config.RepositoryConfigurationDelegate]: Bootstrapping Spring Data Redis repositories in DEFAULT mode.
2022-09-21 11:50:36 INFO [org.springframework.data.repository.config.RepositoryConfigurationDelegate]: Finished Spring Data repository scanning in 15 ms. Found 0 Redis repository interfaces.
2022-09-21 11:50:39 INFO [org.springframework.boot.web.embedded.tomcat.TomcatWebServer]: Tomcat initialized with port(s): 8888 (http)
2022-09-21 11:50:39 INFO [org.springframework.boot.web.servlet.context.ServletWebServerApplicationContext]: Root WebApplicationContext: initialization completed in 3615 ms
2022-09-21 11:50:40 WARN [org.springframework.boot.autoconfigure.freemarker.FreeMarkerAutoConfiguration]: Cannot find template location(s): [classpath:/templates/] (please add some templates, check your FreeMarker configuration, or set spring.freemarker.checkTemplateLocation=false)
2022-09-21 11:50:40 INFO [org.springframework.boot.devtools.autoconfigure.OptionalLiveReloadServer]: LiveReload server is running on port 35729
2022-09-21 11:50:40 INFO [org.springframework.boot.web.embedded.tomcat.TomcatWebServer]: Tomcat started on port(s): 8888 (http) with context path ''
2022-09-21 11:50:40 INFO [com.example.yy.YYMusicApplication]: Started YYMusicApplication in 5.14 seconds (JVM running for 9.63)
2022-09-21 11:50:55 INFO [org.springframework.web.servlet.DispatcherServlet]: Initializing Servlet 'dispatcherServlet'
2022-09-21 11:50:55 INFO [org.springframework.web.servlet.DispatcherServlet]: Completed initialization in 1 ms
2022-09-21 11:50:55 INFO [com.zaxxer.hikari.HikariDataSource]: HikariPool-1 - Starting...
2022-09-21 11:50:55 INFO [com.zaxxer.hikari.HikariDataSource]: HikariPool-1 - Start completed.
2022-09-21 11:55:36 INFO [com.zaxxer.hikari.HikariDataSource]: HikariPool-1 - Shutdown initiated...
2022-09-21 11:55:36 INFO [com.zaxxer.hikari.HikariDataSource]: HikariPool-1 - Shutdown completed.
2022-09-21 11:55:42 INFO [com.example.yy.YYMusicApplication]: Starting YYMusicApplication using Java 1.8.0_342 on WINDOWS-DIUO5D0 with PID 14492 (D:\Projects\music\YY-Music\music-server\target\classes started by EDY in D:\Projects\music\YY-Music\music-server)
2022-09-21 11:55:42 INFO [com.example.yy.YYMusicApplication]: The following profiles are active: dev
2022-09-21 11:55:42 INFO [org.springframework.boot.devtools.env.DevToolsPropertyDefaultsPostProcessor]: Devtools property defaults active! Set 'spring.devtools.add-properties' to 'false' to disable
2022-09-21 11:55:42 INFO [org.springframework.boot.devtools.env.DevToolsPropertyDefaultsPostProcessor]: For additional web related logging consider setting the 'logging.level.web' property to 'DEBUG'
2022-09-21 11:55:43 INFO [org.springframework.data.repository.config.RepositoryConfigurationDelegate]: Multiple Spring Data modules found, entering strict repository configuration mode!
2022-09-21 11:55:43 INFO [org.springframework.data.repository.config.RepositoryConfigurationDelegate]: Bootstrapping Spring Data Redis repositories in DEFAULT mode.
2022-09-21 11:55:43 INFO [org.springframework.data.repository.config.RepositoryConfigurationDelegate]: Finished Spring Data repository scanning in 22 ms. Found 0 Redis repository interfaces.
2022-09-21 11:55:44 INFO [org.springframework.boot.web.embedded.tomcat.TomcatWebServer]: Tomcat initialized with port(s): 8888 (http)
2022-09-21 11:55:44 INFO [org.springframework.boot.web.servlet.context.ServletWebServerApplicationContext]: Root WebApplicationContext: initialization completed in 2925 ms
2022-09-21 11:55:46 WARN [org.springframework.boot.autoconfigure.freemarker.FreeMarkerAutoConfiguration]: Cannot find template location(s): [classpath:/templates/] (please add some templates, check your FreeMarker configuration, or set spring.freemarker.checkTemplateLocation=false)
2022-09-21 11:55:46 INFO [org.springframework.boot.devtools.autoconfigure.OptionalLiveReloadServer]: LiveReload server is running on port 35729
2022-09-21 11:55:46 INFO [org.springframework.boot.web.embedded.tomcat.TomcatWebServer]: Tomcat started on port(s): 8888 (http) with context path ''
2022-09-21 11:55:46 INFO [com.example.yy.YYMusicApplication]: Started YYMusicApplication in 5.072 seconds (JVM running for 6.07)
2022-09-21 11:55:55 INFO [org.springframework.web.servlet.DispatcherServlet]: Initializing Servlet 'dispatcherServlet'
2022-09-21 11:55:55 INFO [org.springframework.web.servlet.DispatcherServlet]: Completed initialization in 1 ms
2022-09-21 11:55:55 INFO [com.zaxxer.hikari.HikariDataSource]: HikariPool-1 - Starting...
2022-09-21 11:55:56 INFO [com.zaxxer.hikari.HikariDataSource]: HikariPool-1 - Start completed.
2022-09-21 11:58:52 WARN [org.springframework.web.servlet.PageNotFound]: No mapping for GET /undefined
2022-09-21 11:59:09 WARN [org.springframework.web.servlet.PageNotFound]: No mapping for GET /undefined
2022-09-21 11:59:11 WARN [org.springframework.web.servlet.PageNotFound]: No mapping for GET /undefined
2022-09-21 11:59:14 WARN [org.springframework.web.servlet.PageNotFound]: No mapping for GET /undefined
2022-09-21 11:59:23 WARN [org.springframework.web.servlet.PageNotFound]: No mapping for GET /undefined
2022-09-21 11:59:26 WARN [org.springframework.web.servlet.PageNotFound]: No mapping for GET /undefined
2022-09-21 11:59:46 WARN [org.springframework.web.servlet.PageNotFound]: No mapping for GET /undefined
2022-09-21 12:01:11 INFO [com.zaxxer.hikari.HikariDataSource]: HikariPool-1 - Shutdown initiated...
2022-09-21 12:01:11 INFO [com.zaxxer.hikari.HikariDataSource]: HikariPool-1 - Shutdown completed.
2022-09-21 13:33:43 INFO [com.example.yy.YYMusicApplication]: Starting YYMusicApplication using Java 1.8.0_342 on WINDOWS-DIUO5D0 with PID 18944 (D:\Projects\music\YY-Music\music-server\target\classes started by EDY in D:\Projects\music\YY-Music\music-server)
2022-09-21 13:33:43 INFO [com.example.yy.YYMusicApplication]: The following profiles are active: dev
2022-09-21 13:33:43 INFO [org.springframework.boot.devtools.env.DevToolsPropertyDefaultsPostProcessor]: Devtools property defaults active! Set 'spring.devtools.add-properties' to 'false' to disable
2022-09-21 13:33:43 INFO [org.springframework.boot.devtools.env.DevToolsPropertyDefaultsPostProcessor]: For additional web related logging consider setting the 'logging.level.web' property to 'DEBUG'
2022-09-21 13:33:45 INFO [org.springframework.data.repository.config.RepositoryConfigurationDelegate]: Multiple Spring Data modules found, entering strict repository configuration mode!
2022-09-21 13:33:45 INFO [org.springframework.data.repository.config.RepositoryConfigurationDelegate]: Bootstrapping Spring Data Redis repositories in DEFAULT mode.
2022-09-21 13:33:45 INFO [org.springframework.data.repository.config.RepositoryConfigurationDelegate]: Finished Spring Data repository scanning in 13 ms. Found 0 Redis repository interfaces.
2022-09-21 13:33:46 INFO [org.springframework.boot.web.embedded.tomcat.TomcatWebServer]: Tomcat initialized with port(s): 8888 (http)
2022-09-21 13:33:46 INFO [org.springframework.boot.web.servlet.context.ServletWebServerApplicationContext]: Root WebApplicationContext: initialization completed in 3430 ms
2022-09-21 13:33:48 WARN [org.springframework.boot.autoconfigure.freemarker.FreeMarkerAutoConfiguration]: Cannot find template location(s): [classpath:/templates/] (please add some templates, check your FreeMarker configuration, or set spring.freemarker.checkTemplateLocation=false)
2022-09-21 13:33:48 INFO [org.springframework.boot.devtools.autoconfigure.OptionalLiveReloadServer]: LiveReload server is running on port 35729
2022-09-21 13:33:48 INFO [org.springframework.boot.web.embedded.tomcat.TomcatWebServer]: Tomcat started on port(s): 8888 (http) with context path ''
2022-09-21 13:33:48 INFO [com.example.yy.YYMusicApplication]: Started YYMusicApplication in 5.305 seconds (JVM running for 7.257)
2022-09-21 13:33:57 INFO [org.springframework.web.servlet.DispatcherServlet]: Initializing Servlet 'dispatcherServlet'
2022-09-21 13:33:57 INFO [org.springframework.web.servlet.DispatcherServlet]: Completed initialization in 1 ms
2022-09-21 13:33:57 INFO [com.zaxxer.hikari.HikariDataSource]: HikariPool-1 - Starting...
2022-09-21 13:33:57 INFO [com.zaxxer.hikari.HikariDataSource]: HikariPool-1 - Start completed.
2022-09-21 13:35:44 WARN [org.springframework.web.servlet.PageNotFound]: No mapping for GET /undefined
2022-09-21 13:35:53 WARN [org.springframework.web.servlet.PageNotFound]: No mapping for GET /undefined
2022-09-21 13:38:55 WARN [org.springframework.web.servlet.PageNotFound]: No mapping for GET /undefined
2022-09-21 13:40:39 INFO [com.zaxxer.hikari.HikariDataSource]: HikariPool-1 - Shutdown initiated...
2022-09-21 13:40:39 INFO [com.zaxxer.hikari.HikariDataSource]: HikariPool-1 - Shutdown completed.
2022-09-21 13:40:42 INFO [com.example.yy.YYMusicApplication]: Starting YYMusicApplication using Java 1.8.0_342 on WINDOWS-DIUO5D0 with PID 19928 (D:\Projects\music\YY-Music\music-server\target\classes started by EDY in D:\Projects\music\YY-Music\music-server)
2022-09-21 13:40:42 INFO [com.example.yy.YYMusicApplication]: The following profiles are active: dev
2022-09-21 13:40:42 INFO [org.springframework.boot.devtools.env.DevToolsPropertyDefaultsPostProcessor]: Devtools property defaults active! Set 'spring.devtools.add-properties' to 'false' to disable
2022-09-21 13:40:42 INFO [org.springframework.boot.devtools.env.DevToolsPropertyDefaultsPostProcessor]: For additional web related logging consider setting the 'logging.level.web' property to 'DEBUG'
2022-09-21 13:40:43 INFO [org.springframework.data.repository.config.RepositoryConfigurationDelegate]: Multiple Spring Data modules found, entering strict repository configuration mode!
2022-09-21 13:40:43 INFO [org.springframework.data.repository.config.RepositoryConfigurationDelegate]: Bootstrapping Spring Data Redis repositories in DEFAULT mode.
2022-09-21 13:40:43 INFO [org.springframework.data.repository.config.RepositoryConfigurationDelegate]: Finished Spring Data repository scanning in 13 ms. Found 0 Redis repository interfaces.
2022-09-21 13:40:44 INFO [org.springframework.boot.web.embedded.tomcat.TomcatWebServer]: Tomcat initialized with port(s): 8888 (http)
2022-09-21 13:40:44 INFO [org.springframework.boot.web.servlet.context.ServletWebServerApplicationContext]: Root WebApplicationContext: initialization completed in 2189 ms
2022-09-21 13:40:45 WARN [org.springframework.boot.autoconfigure.freemarker.FreeMarkerAutoConfiguration]: Cannot find template location(s): [classpath:/templates/] (please add some templates, check your FreeMarker configuration, or set spring.freemarker.checkTemplateLocation=false)
2022-09-21 13:40:45 INFO [org.springframework.boot.devtools.autoconfigure.OptionalLiveReloadServer]: LiveReload server is running on port 35729
2022-09-21 13:40:45 INFO [org.springframework.boot.web.embedded.tomcat.TomcatWebServer]: Tomcat started on port(s): 8888 (http) with context path ''
2022-09-21 13:40:45 INFO [com.example.yy.YYMusicApplication]: Started YYMusicApplication in 3.788 seconds (JVM running for 5.37)
2022-09-21 13:41:00 INFO [org.springframework.web.servlet.DispatcherServlet]: Initializing Servlet 'dispatcherServlet'
2022-09-21 13:41:00 INFO [org.springframework.web.servlet.DispatcherServlet]: Completed initialization in 2 ms
2022-09-21 13:41:00 INFO [com.zaxxer.hikari.HikariDataSource]: HikariPool-1 - Starting...
2022-09-21 13:41:00 INFO [com.zaxxer.hikari.HikariDataSource]: HikariPool-1 - Start completed.
2022-09-21 13:42:25 WARN [org.springframework.web.servlet.PageNotFound]: No mapping for GET /undefined
2022-09-21 13:42:27 WARN [org.springframework.web.servlet.PageNotFound]: No mapping for GET /undefined
2022-09-21 13:42:28 WARN [org.springframework.web.servlet.PageNotFound]: No mapping for GET /favicon.ico
2022-09-21 14:18:50 INFO [com.zaxxer.hikari.HikariDataSource]: HikariPool-1 - Shutdown initiated...
2022-09-21 14:18:50 INFO [com.zaxxer.hikari.HikariDataSource]: HikariPool-1 - Shutdown completed.
2022-09-21 14:18:55 INFO [com.example.yy.YYMusicApplication]: Starting YYMusicApplication using Java 1.8.0_342 on WINDOWS-DIUO5D0 with PID 20880 (D:\Projects\music\YY-Music\music-server\target\classes started by EDY in D:\Projects\music\YY-Music\music-server)
2022-09-21 14:18:55 INFO [com.example.yy.YYMusicApplication]: The following profiles are active: dev
2022-09-21 14:18:55 INFO [org.springframework.boot.devtools.env.DevToolsPropertyDefaultsPostProcessor]: Devtools property defaults active! Set 'spring.devtools.add-properties' to 'false' to disable
2022-09-21 14:18:55 INFO [org.springframework.boot.devtools.env.DevToolsPropertyDefaultsPostProcessor]: For additional web related logging consider setting the 'logging.level.web' property to 'DEBUG'
2022-09-21 14:18:56 INFO [org.springframework.data.repository.config.RepositoryConfigurationDelegate]: Multiple Spring Data modules found, entering strict repository configuration mode!
2022-09-21 14:18:56 INFO [org.springframework.data.repository.config.RepositoryConfigurationDelegate]: Bootstrapping Spring Data Redis repositories in DEFAULT mode.
2022-09-21 14:18:56 INFO [org.springframework.data.repository.config.RepositoryConfigurationDelegate]: Finished Spring Data repository scanning in 12 ms. Found 0 Redis repository interfaces.
2022-09-21 14:18:58 INFO [org.springframework.boot.web.embedded.tomcat.TomcatWebServer]: Tomcat initialized with port(s): 8888 (http)
2022-09-21 14:18:58 INFO [org.springframework.boot.web.servlet.context.ServletWebServerApplicationContext]: Root WebApplicationContext: initialization completed in 2389 ms
2022-09-21 14:18:59 WARN [org.springframework.boot.autoconfigure.freemarker.FreeMarkerAutoConfiguration]: Cannot find template location(s): [classpath:/templates/] (please add some templates, check your FreeMarker configuration, or set spring.freemarker.checkTemplateLocation=false)
2022-09-21 14:18:59 INFO [org.springframework.boot.devtools.autoconfigure.OptionalLiveReloadServer]: LiveReload server is running on port 35729
2022-09-21 14:18:59 INFO [org.springframework.boot.web.embedded.tomcat.TomcatWebServer]: Tomcat started on port(s): 8888 (http) with context path ''
2022-09-21 14:18:59 INFO [com.example.yy.YYMusicApplication]: Started YYMusicApplication in 4.271 seconds (JVM running for 5.517)
2022-09-21 14:19:04 INFO [org.springframework.web.servlet.DispatcherServlet]: Initializing Servlet 'dispatcherServlet'
2022-09-21 14:19:04 INFO [org.springframework.web.servlet.DispatcherServlet]: Completed initialization in 1 ms
2022-09-21 14:19:04 INFO [com.zaxxer.hikari.HikariDataSource]: HikariPool-1 - Starting...
2022-09-21 14:19:04 INFO [com.zaxxer.hikari.HikariDataSource]: HikariPool-1 - Start completed.
2022-09-21 14:52:41 INFO [com.zaxxer.hikari.HikariDataSource]: HikariPool-1 - Shutdown initiated...
2022-09-21 14:52:41 INFO [com.zaxxer.hikari.HikariDataSource]: HikariPool-1 - Shutdown completed.
2022-09-21 14:52:46 INFO [com.example.yy.YYMusicApplication]: Starting YYMusicApplication using Java 1.8.0_342 on WINDOWS-DIUO5D0 with PID 25208 (D:\Projects\music\YY-Music\music-server\target\classes started by EDY in D:\Projects\music\YY-Music\music-server)
2022-09-21 14:52:46 INFO [com.example.yy.YYMusicApplication]: The following profiles are active: dev
2022-09-21 14:52:46 INFO [org.springframework.boot.devtools.env.DevToolsPropertyDefaultsPostProcessor]: Devtools property defaults active! Set 'spring.devtools.add-properties' to 'false' to disable
2022-09-21 14:52:46 INFO [org.springframework.boot.devtools.env.DevToolsPropertyDefaultsPostProcessor]: For additional web related logging consider setting the 'logging.level.web' property to 'DEBUG'
2022-09-21 14:52:47 INFO [org.springframework.data.repository.config.RepositoryConfigurationDelegate]: Multiple Spring Data modules found, entering strict repository configuration mode!
2022-09-21 14:52:47 INFO [org.springframework.data.repository.config.RepositoryConfigurationDelegate]: Bootstrapping Spring Data Redis repositories in DEFAULT mode.
2022-09-21 14:52:47 INFO [org.springframework.data.repository.config.RepositoryConfigurationDelegate]: Finished Spring Data repository scanning in 18 ms. Found 0 Redis repository interfaces.
2022-09-21 14:52:49 INFO [org.springframework.boot.web.embedded.tomcat.TomcatWebServer]: Tomcat initialized with port(s): 8888 (http)
2022-09-21 14:52:49 INFO [org.springframework.boot.web.servlet.context.ServletWebServerApplicationContext]: Root WebApplicationContext: initialization completed in 2700 ms
2022-09-21 14:52:50 WARN [org.springframework.boot.autoconfigure.freemarker.FreeMarkerAutoConfiguration]: Cannot find template location(s): [classpath:/templates/] (please add some templates, check your FreeMarker configuration, or set spring.freemarker.checkTemplateLocation=false)
2022-09-21 14:52:50 INFO [org.springframework.boot.devtools.autoconfigure.OptionalLiveReloadServer]: LiveReload server is running on port 35729
2022-09-21 14:52:50 INFO [org.springframework.boot.web.embedded.tomcat.TomcatWebServer]: Tomcat started on port(s): 8888 (http) with context path ''
2022-09-21 14:52:50 INFO [com.example.yy.YYMusicApplication]: Started YYMusicApplication in 4.171 seconds (JVM running for 5.625)
2022-09-21 14:54:32 INFO [org.springframework.web.servlet.DispatcherServlet]: Initializing Servlet 'dispatcherServlet'
2022-09-21 14:54:32 INFO [org.springframework.web.servlet.DispatcherServlet]: Completed initialization in 3 ms
2022-09-21 14:54:33 INFO [com.zaxxer.hikari.HikariDataSource]: HikariPool-1 - Starting...
2022-09-21 14:54:33 INFO [com.zaxxer.hikari.HikariDataSource]: HikariPool-1 - Start completed.
2022-09-21 15:11:11 WARN [org.springframework.web.servlet.mvc.support.DefaultHandlerExceptionResolver]: Resolved [org.springframework.web.HttpRequestMethodNotSupportedException: Request method 'DELETE' not supported]
2022-09-21 15:11:13 WARN [org.springframework.web.servlet.mvc.support.DefaultHandlerExceptionResolver]: Resolved [org.springframework.web.HttpRequestMethodNotSupportedException: Request method 'DELETE' not supported]
2022-09-21 15:11:13 WARN [org.springframework.web.servlet.mvc.support.DefaultHandlerExceptionResolver]: Resolved [org.springframework.web.HttpRequestMethodNotSupportedException: Request method 'DELETE' not supported]
2022-09-21 15:11:13 WARN [org.springframework.web.servlet.mvc.support.DefaultHandlerExceptionResolver]: Resolved [org.springframework.web.HttpRequestMethodNotSupportedException: Request method 'DELETE' not supported]
2022-09-21 15:11:13 WARN [org.springframework.web.servlet.mvc.support.DefaultHandlerExceptionResolver]: Resolved [org.springframework.web.HttpRequestMethodNotSupportedException: Request method 'DELETE' not supported]
2022-09-21 15:11:14 WARN [org.springframework.web.servlet.mvc.support.DefaultHandlerExceptionResolver]: Resolved [org.springframework.web.HttpRequestMethodNotSupportedException: Request method 'DELETE' not supported]
2022-09-21 15:11:14 WARN [org.springframework.web.servlet.mvc.support.DefaultHandlerExceptionResolver]: Resolved [org.springframework.web.HttpRequestMethodNotSupportedException: Request method 'DELETE' not supported]
2022-09-21 15:11:14 WARN [org.springframework.web.servlet.mvc.support.DefaultHandlerExceptionResolver]: Resolved [org.springframework.web.HttpRequestMethodNotSupportedException: Request method 'DELETE' not supported]
2022-09-21 15:11:14 WARN [org.springframework.web.servlet.mvc.support.DefaultHandlerExceptionResolver]: Resolved [org.springframework.web.HttpRequestMethodNotSupportedException: Request method 'DELETE' not supported]
2022-09-21 15:11:14 WARN [org.springframework.web.servlet.mvc.support.DefaultHandlerExceptionResolver]: Resolved [org.springframework.web.HttpRequestMethodNotSupportedException: Request method 'DELETE' not supported]
2022-09-21 15:11:14 WARN [org.springframework.web.servlet.mvc.support.DefaultHandlerExceptionResolver]: Resolved [org.springframework.web.HttpRequestMethodNotSupportedException: Request method 'DELETE' not supported]
2022-09-21 15:11:15 WARN [org.springframework.web.servlet.mvc.support.DefaultHandlerExceptionResolver]: Resolved [org.springframework.web.HttpRequestMethodNotSupportedException: Request method 'DELETE' not supported]
2022-09-21 15:11:15 WARN [org.springframework.web.servlet.mvc.support.DefaultHandlerExceptionResolver]: Resolved [org.springframework.web.HttpRequestMethodNotSupportedException: Request method 'DELETE' not supported]
2022-09-21 15:11:15 WARN [org.springframework.web.servlet.mvc.support.DefaultHandlerExceptionResolver]: Resolved [org.springframework.web.HttpRequestMethodNotSupportedException: Request method 'DELETE' not supported]
2022-09-21 15:11:15 WARN [org.springframework.web.servlet.mvc.support.DefaultHandlerExceptionResolver]: Resolved [org.springframework.web.HttpRequestMethodNotSupportedException: Request method 'DELETE' not supported]
2022-09-21 15:11:18 WARN [org.springframework.web.servlet.mvc.support.DefaultHandlerExceptionResolver]: Resolved [org.springframework.web.HttpRequestMethodNotSupportedException: Request method 'DELETE' not supported]
2022-09-21 15:11:20 WARN [org.springframework.web.servlet.mvc.support.DefaultHandlerExceptionResolver]: Resolved [org.springframework.web.HttpRequestMethodNotSupportedException: Request method 'DELETE' not supported]
2022-09-21 15:11:20 WARN [org.springframework.web.servlet.mvc.support.DefaultHandlerExceptionResolver]: Resolved [org.springframework.web.HttpRequestMethodNotSupportedException: Request method 'DELETE' not supported]
2022-09-21 15:11:20 WARN [org.springframework.web.servlet.mvc.support.DefaultHandlerExceptionResolver]: Resolved [org.springframework.web.HttpRequestMethodNotSupportedException: Request method 'DELETE' not supported]
2022-09-21 15:11:20 WARN [org.springframework.web.servlet.mvc.support.DefaultHandlerExceptionResolver]: Resolved [org.springframework.web.HttpRequestMethodNotSupportedException: Request method 'DELETE' not supported]
2022-09-21 15:11:20 WARN [org.springframework.web.servlet.mvc.support.DefaultHandlerExceptionResolver]: Resolved [org.springframework.web.HttpRequestMethodNotSupportedException: Request method 'DELETE' not supported]
2022-09-21 15:11:21 WARN [org.springframework.web.servlet.mvc.support.DefaultHandlerExceptionResolver]: Resolved [org.springframework.web.HttpRequestMethodNotSupportedException: Request method 'DELETE' not supported]
2022-09-21 15:11:35 WARN [org.springframework.web.servlet.mvc.support.DefaultHandlerExceptionResolver]: Resolved [org.springframework.web.HttpRequestMethodNotSupportedException: Request method 'DELETE' not supported]
2022-09-21 15:11:40 WARN [org.springframework.web.servlet.mvc.support.DefaultHandlerExceptionResolver]: Resolved [org.springframework.web.HttpRequestMethodNotSupportedException: Request method 'DELETE' not supported]
2022-09-21 15:26:33 WARN [org.springframework.web.servlet.mvc.support.DefaultHandlerExceptionResolver]: Resolved [org.springframework.web.HttpRequestMethodNotSupportedException: Request method 'DELETE' not supported]
2022-09-21 15:27:21 WARN [org.springframework.web.servlet.mvc.support.DefaultHandlerExceptionResolver]: Resolved [org.springframework.web.HttpRequestMethodNotSupportedException: Request method 'DELETE' not supported]
2022-09-21 15:27:34 WARN [org.springframework.web.servlet.mvc.support.DefaultHandlerExceptionResolver]: Resolved [org.springframework.web.HttpRequestMethodNotSupportedException: Request method 'DELETE' not supported]
2022-09-21 15:28:00 WARN [org.springframework.web.servlet.mvc.support.DefaultHandlerExceptionResolver]: Resolved [org.springframework.web.HttpRequestMethodNotSupportedException: Request method 'DELETE' not supported]
2022-09-21 15:28:00 WARN [org.springframework.web.servlet.mvc.support.DefaultHandlerExceptionResolver]: Resolved [org.springframework.web.HttpRequestMethodNotSupportedException: Request method 'DELETE' not supported]
2022-09-21 15:28:01 WARN [org.springframework.web.servlet.mvc.support.DefaultHandlerExceptionResolver]: Resolved [org.springframework.web.HttpRequestMethodNotSupportedException: Request method 'DELETE' not supported]
2022-09-21 15:36:24 INFO [com.zaxxer.hikari.HikariDataSource]: HikariPool-1 - Shutdown initiated...
2022-09-21 15:36:24 INFO [com.zaxxer.hikari.HikariDataSource]: HikariPool-1 - Shutdown completed.
2022-09-21 15:36:29 INFO [com.example.yy.YYMusicApplication]: Starting YYMusicApplication using Java 1.8.0_342 on WINDOWS-DIUO5D0 with PID 18728 (D:\Projects\music\YY-Music\music-server\target\classes started by EDY in D:\Projects\music\YY-Music\music-server)
2022-09-21 15:36:29 INFO [com.example.yy.YYMusicApplication]: The following profiles are active: dev
2022-09-21 15:36:29 INFO [org.springframework.boot.devtools.env.DevToolsPropertyDefaultsPostProcessor]: Devtools property defaults active! Set 'spring.devtools.add-properties' to 'false' to disable
2022-09-21 15:36:29 INFO [org.springframework.boot.devtools.env.DevToolsPropertyDefaultsPostProcessor]: For additional web related logging consider setting the 'logging.level.web' property to 'DEBUG'
2022-09-21 15:36:30 INFO [org.springframework.data.repository.config.RepositoryConfigurationDelegate]: Multiple Spring Data modules found, entering strict repository configuration mode!
2022-09-21 15:36:30 INFO [org.springframework.data.repository.config.RepositoryConfigurationDelegate]: Bootstrapping Spring Data Redis repositories in DEFAULT mode.
2022-09-21 15:36:30 INFO [org.springframework.data.repository.config.RepositoryConfigurationDelegate]: Finished Spring Data repository scanning in 18 ms. Found 0 Redis repository interfaces.
2022-09-21 15:36:32 INFO [org.springframework.boot.web.embedded.tomcat.TomcatWebServer]: Tomcat initialized with port(s): 8888 (http)
2022-09-21 15:36:32 INFO [org.springframework.boot.web.servlet.context.ServletWebServerApplicationContext]: Root WebApplicationContext: initialization completed in 3022 ms
2022-09-21 15:36:33 WARN [org.springframework.boot.autoconfigure.freemarker.FreeMarkerAutoConfiguration]: Cannot find template location(s): [classpath:/templates/] (please add some templates, check your FreeMarker configuration, or set spring.freemarker.checkTemplateLocation=false)
2022-09-21 15:36:33 INFO [org.springframework.boot.devtools.autoconfigure.OptionalLiveReloadServer]: LiveReload server is running on port 35729
2022-09-21 15:36:33 INFO [org.springframework.boot.web.embedded.tomcat.TomcatWebServer]: Tomcat started on port(s): 8888 (http) with context path ''
2022-09-21 15:36:33 INFO [com.example.yy.YYMusicApplication]: Started YYMusicApplication in 4.672 seconds (JVM running for 6.21)
2022-09-21 15:36:56 INFO [org.springframework.web.servlet.DispatcherServlet]: Initializing Servlet 'dispatcherServlet'
2022-09-21 15:36:56 INFO [org.springframework.web.servlet.DispatcherServlet]: Completed initialization in 1 ms
2022-09-21 15:36:56 INFO [com.zaxxer.hikari.HikariDataSource]: HikariPool-1 - Starting...
2022-09-21 15:36:56 INFO [com.zaxxer.hikari.HikariDataSource]: HikariPool-1 - Start completed.
2022-09-21 16:30:56 WARN [org.springframework.web.servlet.mvc.support.DefaultHandlerExceptionResolver]: Resolved [org.springframework.web.HttpMediaTypeNotSupportedException: Content type 'multipart/form-data;boundary=----WebKitFormBoundary7oN4nmYkPqzwd9kq;charset=UTF-8' not supported]
2022-09-21 16:36:19 WARN [org.springframework.web.servlet.mvc.support.DefaultHandlerExceptionResolver]: Resolved [org.springframework.web.HttpMediaTypeNotSupportedException: Content type 'multipart/form-data;boundary=----WebKitFormBoundaryR609OheT1l1f0zPi;charset=UTF-8' not supported]
2022-09-21 16:39:29 INFO [com.zaxxer.hikari.HikariDataSource]: HikariPool-1 - Shutdown initiated...
2022-09-21 16:39:29 INFO [com.zaxxer.hikari.HikariDataSource]: HikariPool-1 - Shutdown completed.
2022-09-21 16:39:33 INFO [com.example.yy.YYMusicApplication]: Starting YYMusicApplication using Java 1.8.0_342 on WINDOWS-DIUO5D0 with PID 17768 (D:\Projects\music\YY-Music\music-server\target\classes started by EDY in D:\Projects\music\YY-Music\music-server)
2022-09-21 16:39:33 INFO [com.example.yy.YYMusicApplication]: The following profiles are active: dev
2022-09-21 16:39:33 INFO [org.springframework.boot.devtools.env.DevToolsPropertyDefaultsPostProcessor]: Devtools property defaults active! Set 'spring.devtools.add-properties' to 'false' to disable
2022-09-21 16:39:33 INFO [org.springframework.boot.devtools.env.DevToolsPropertyDefaultsPostProcessor]: For additional web related logging consider setting the 'logging.level.web' property to 'DEBUG'
2022-09-21 16:39:34 INFO [org.springframework.data.repository.config.RepositoryConfigurationDelegate]: Multiple Spring Data modules found, entering strict repository configuration mode!
2022-09-21 16:39:34 INFO [org.springframework.data.repository.config.RepositoryConfigurationDelegate]: Bootstrapping Spring Data Redis repositories in DEFAULT mode.
2022-09-21 16:39:34 INFO [org.springframework.data.repository.config.RepositoryConfigurationDelegate]: Finished Spring Data repository scanning in 12 ms. Found 0 Redis repository interfaces.
2022-09-21 16:39:36 INFO [org.springframework.boot.web.embedded.tomcat.TomcatWebServer]: Tomcat initialized with port(s): 8888 (http)
2022-09-21 16:39:36 INFO [org.springframework.boot.web.servlet.context.ServletWebServerApplicationContext]: Root WebApplicationContext: initialization completed in 2316 ms
2022-09-21 16:39:37 WARN [org.springframework.boot.autoconfigure.freemarker.FreeMarkerAutoConfiguration]: Cannot find template location(s): [classpath:/templates/] (please add some templates, check your FreeMarker configuration, or set spring.freemarker.checkTemplateLocation=false)
2022-09-21 16:39:37 INFO [org.springframework.boot.devtools.autoconfigure.OptionalLiveReloadServer]: LiveReload server is running on port 35729
2022-09-21 16:39:37 INFO [org.springframework.boot.web.embedded.tomcat.TomcatWebServer]: Tomcat started on port(s): 8888 (http) with context path ''
2022-09-21 16:39:37 INFO [com.example.yy.YYMusicApplication]: Started YYMusicApplication in 3.678 seconds (JVM running for 4.796)
2022-09-21 16:39:48 INFO [org.springframework.web.servlet.DispatcherServlet]: Initializing Servlet 'dispatcherServlet'
2022-09-21 16:39:48 INFO [org.springframework.web.servlet.DispatcherServlet]: Completed initialization in 0 ms
2022-09-21 16:39:48 WARN [org.springframework.web.servlet.mvc.support.DefaultHandlerExceptionResolver]: Resolved [org.springframework.web.HttpMediaTypeNotSupportedException: Content type 'multipart/form-data;boundary=----WebKitFormBoundarywtm5DBmOwqar0xWB;charset=UTF-8' not supported]
2022-09-21 16:42:50 INFO [com.example.yy.YYMusicApplication]: Starting YYMusicApplication using Java 1.8.0_342 on WINDOWS-DIUO5D0 with PID 19096 (D:\Projects\music\YY-Music\music-server\target\classes started by EDY in D:\Projects\music\YY-Music\music-server)
2022-09-21 16:42:50 INFO [com.example.yy.YYMusicApplication]: The following profiles are active: dev
2022-09-21 16:42:50 INFO [org.springframework.boot.devtools.env.DevToolsPropertyDefaultsPostProcessor]: Devtools property defaults active! Set 'spring.devtools.add-properties' to 'false' to disable
2022-09-21 16:42:50 INFO [org.springframework.boot.devtools.env.DevToolsPropertyDefaultsPostProcessor]: For additional web related logging consider setting the 'logging.level.web' property to 'DEBUG'
2022-09-21 16:42:51 INFO [org.springframework.data.repository.config.RepositoryConfigurationDelegate]: Multiple Spring Data modules found, entering strict repository configuration mode!
2022-09-21 16:42:51 INFO [org.springframework.data.repository.config.RepositoryConfigurationDelegate]: Bootstrapping Spring Data Redis repositories in DEFAULT mode.
2022-09-21 16:42:51 INFO [org.springframework.data.repository.config.RepositoryConfigurationDelegate]: Finished Spring Data repository scanning in 19 ms. Found 0 Redis repository interfaces.
2022-09-21 16:42:53 INFO [org.springframework.boot.web.embedded.tomcat.TomcatWebServer]: Tomcat initialized with port(s): 8888 (http)
2022-09-21 16:42:53 INFO [org.springframework.boot.web.servlet.context.ServletWebServerApplicationContext]: Root WebApplicationContext: initialization completed in 2466 ms
2022-09-21 16:42:54 WARN [org.springframework.boot.autoconfigure.freemarker.FreeMarkerAutoConfiguration]: Cannot find template location(s): [classpath:/templates/] (please add some templates, check your FreeMarker configuration, or set spring.freemarker.checkTemplateLocation=false)
2022-09-21 16:42:54 INFO [org.springframework.boot.devtools.autoconfigure.OptionalLiveReloadServer]: LiveReload server is running on port 35729
2022-09-21 16:42:54 INFO [org.springframework.boot.web.embedded.tomcat.TomcatWebServer]: Tomcat started on port(s): 8888 (http) with context path ''
2022-09-21 16:42:55 INFO [com.example.yy.YYMusicApplication]: Started YYMusicApplication in 4.459 seconds (JVM running for 5.321)
2022-09-21 16:44:43 INFO [org.springframework.web.servlet.DispatcherServlet]: Initializing Servlet 'dispatcherServlet'
2022-09-21 16:44:43 INFO [org.springframework.web.servlet.DispatcherServlet]: Completed initialization in 1 ms
2022-09-21 16:44:43 WARN [org.springframework.web.servlet.mvc.support.DefaultHandlerExceptionResolver]: Resolved [org.springframework.web.bind.MissingServletRequestParameterException: Required request parameter 'addSongRequest' for method parameter type SongRequest is not present]
2022-09-21 16:47:11 INFO [com.example.yy.YYMusicApplication]: Starting YYMusicApplication using Java 1.8.0_342 on WINDOWS-DIUO5D0 with PID 29388 (D:\Projects\music\YY-Music\music-server\target\classes started by EDY in D:\Projects\music\YY-Music\music-server)
2022-09-21 16:47:11 INFO [com.example.yy.YYMusicApplication]: The following profiles are active: dev
2022-09-21 16:47:11 INFO [org.springframework.boot.devtools.env.DevToolsPropertyDefaultsPostProcessor]: Devtools property defaults active! Set 'spring.devtools.add-properties' to 'false' to disable
2022-09-21 16:47:11 INFO [org.springframework.boot.devtools.env.DevToolsPropertyDefaultsPostProcessor]: For additional web related logging consider setting the 'logging.level.web' property to 'DEBUG'
2022-09-21 16:47:12 INFO [org.springframework.data.repository.config.RepositoryConfigurationDelegate]: Multiple Spring Data modules found, entering strict repository configuration mode!
2022-09-21 16:47:12 INFO [org.springframework.data.repository.config.RepositoryConfigurationDelegate]: Bootstrapping Spring Data Redis repositories in DEFAULT mode.
2022-09-21 16:47:12 INFO [org.springframework.data.repository.config.RepositoryConfigurationDelegate]: Finished Spring Data repository scanning in 12 ms. Found 0 Redis repository interfaces.
2022-09-21 16:47:13 INFO [org.springframework.boot.web.embedded.tomcat.TomcatWebServer]: Tomcat initialized with port(s): 8888 (http)
2022-09-21 16:47:14 INFO [org.springframework.boot.web.servlet.context.ServletWebServerApplicationContext]: Root WebApplicationContext: initialization completed in 2058 ms
2022-09-21 16:47:14 WARN [org.springframework.boot.autoconfigure.freemarker.FreeMarkerAutoConfiguration]: Cannot find template location(s): [classpath:/templates/] (please add some templates, check your FreeMarker configuration, or set spring.freemarker.checkTemplateLocation=false)
2022-09-21 16:47:14 INFO [org.springframework.boot.devtools.autoconfigure.OptionalLiveReloadServer]: LiveReload server is running on port 35729
2022-09-21 16:47:14 INFO [org.springframework.boot.web.embedded.tomcat.TomcatWebServer]: Tomcat started on port(s): 8888 (http) with context path ''
2022-09-21 16:47:14 INFO [com.example.yy.YYMusicApplication]: Started YYMusicApplication in 3.279 seconds (JVM running for 4.194)
2022-09-21 16:47:24 INFO [org.springframework.web.servlet.DispatcherServlet]: Initializing Servlet 'dispatcherServlet'
2022-09-21 16:47:24 INFO [org.springframework.web.servlet.DispatcherServlet]: Completed initialization in 0 ms
2022-09-21 16:47:24 INFO [com.zaxxer.hikari.HikariDataSource]: HikariPool-1 - Starting...
2022-09-21 16:47:24 INFO [com.zaxxer.hikari.HikariDataSource]: HikariPool-1 - Start completed.
2022-09-21 17:01:31 INFO [com.zaxxer.hikari.HikariDataSource]: HikariPool-1 - Shutdown initiated...
2022-09-21 17:01:31 INFO [com.zaxxer.hikari.HikariDataSource]: HikariPool-1 - Shutdown completed.
2022-09-21 17:01:38 INFO [com.example.yy.YYMusicApplication]: Starting YYMusicApplication using Java 1.8.0_342 on WINDOWS-DIUO5D0 with PID 21312 (D:\Projects\music\YY-Music\music-server\target\classes started by EDY in D:\Projects\music\YY-Music\music-server)
2022-09-21 17:01:38 INFO [com.example.yy.YYMusicApplication]: The following profiles are active: dev
2022-09-21 17:01:38 INFO [org.springframework.boot.devtools.env.DevToolsPropertyDefaultsPostProcessor]: Devtools property defaults active! Set 'spring.devtools.add-properties' to 'false' to disable
2022-09-21 17:01:38 INFO [org.springframework.boot.devtools.env.DevToolsPropertyDefaultsPostProcessor]: For additional web related logging consider setting the 'logging.level.web' property to 'DEBUG'
2022-09-21 17:01:39 INFO [org.springframework.data.repository.config.RepositoryConfigurationDelegate]: Multiple Spring Data modules found, entering strict repository configuration mode!
2022-09-21 17:01:39 INFO [org.springframework.data.repository.config.RepositoryConfigurationDelegate]: Bootstrapping Spring Data Redis repositories in DEFAULT mode.
2022-09-21 17:01:39 INFO [org.springframework.data.repository.config.RepositoryConfigurationDelegate]: Finished Spring Data repository scanning in 12 ms. Found 0 Redis repository interfaces.
2022-09-21 17:01:41 INFO [org.springframework.boot.web.embedded.tomcat.TomcatWebServer]: Tomcat initialized with port(s): 8888 (http)
2022-09-21 17:01:41 INFO [org.springframework.boot.web.servlet.context.ServletWebServerApplicationContext]: Root WebApplicationContext: initialization completed in 3109 ms
2022-09-21 17:01:42 WARN [org.springframework.boot.autoconfigure.freemarker.FreeMarkerAutoConfiguration]: Cannot find template location(s): [classpath:/templates/] (please add some templates, check your FreeMarker configuration, or set spring.freemarker.checkTemplateLocation=false)
2022-09-21 17:01:42 INFO [org.springframework.boot.devtools.autoconfigure.OptionalLiveReloadServer]: LiveReload server is running on port 35729
2022-09-21 17:01:42 INFO [org.springframework.boot.web.embedded.tomcat.TomcatWebServer]: Tomcat started on port(s): 8888 (http) with context path ''
2022-09-21 17:01:42 INFO [com.example.yy.YYMusicApplication]: Started YYMusicApplication in 4.647 seconds (JVM running for 5.762)
2022-09-21 17:01:58 INFO [org.springframework.web.servlet.DispatcherServlet]: Initializing Servlet 'dispatcherServlet'
2022-09-21 17:01:58 INFO [org.springframework.web.servlet.DispatcherServlet]: Completed initialization in 2 ms
2022-09-21 17:01:58 INFO [com.zaxxer.hikari.HikariDataSource]: HikariPool-1 - Starting...
2022-09-21 17:01:58 INFO [com.zaxxer.hikari.HikariDataSource]: HikariPool-1 - Start completed.
2022-09-21 17:05:54 INFO [com.zaxxer.hikari.HikariDataSource]: HikariPool-1 - Shutdown initiated...
2022-09-21 17:05:54 INFO [com.zaxxer.hikari.HikariDataSource]: HikariPool-1 - Shutdown completed.
2022-09-21 18:19:13 INFO [com.example.yy.YYMusicApplication]: Starting YYMusicApplication using Java 1.8.0_342 on WINDOWS-DIUO5D0 with PID 29612 (D:\Projects\music\YY-Music\music-server\target\classes started by EDY in D:\Projects\music\YY-Music\music-server)
2022-09-21 18:19:13 INFO [com.example.yy.YYMusicApplication]: The following profiles are active: dev
2022-09-21 18:19:13 INFO [org.springframework.boot.devtools.env.DevToolsPropertyDefaultsPostProcessor]: Devtools property defaults active! Set 'spring.devtools.add-properties' to 'false' to disable
2022-09-21 18:19:13 INFO [org.springframework.boot.devtools.env.DevToolsPropertyDefaultsPostProcessor]: For additional web related logging consider setting the 'logging.level.web' property to 'DEBUG'
2022-09-21 18:19:14 INFO [org.springframework.data.repository.config.RepositoryConfigurationDelegate]: Multiple Spring Data modules found, entering strict repository configuration mode!
2022-09-21 18:19:14 INFO [org.springframework.data.repository.config.RepositoryConfigurationDelegate]: Bootstrapping Spring Data Redis repositories in DEFAULT mode.
2022-09-21 18:19:14 INFO [org.springframework.data.repository.config.RepositoryConfigurationDelegate]: Finished Spring Data repository scanning in 18 ms. Found 0 Redis repository interfaces.
2022-09-21 18:19:16 INFO [org.springframework.boot.web.embedded.tomcat.TomcatWebServer]: Tomcat initialized with port(s): 8888 (http)
2022-09-21 18:19:16 INFO [org.springframework.boot.web.servlet.context.ServletWebServerApplicationContext]: Root WebApplicationContext: initialization completed in 2879 ms
2022-09-21 18:19:17 WARN [org.springframework.boot.autoconfigure.freemarker.FreeMarkerAutoConfiguration]: Cannot find template location(s): [classpath:/templates/] (please add some templates, check your FreeMarker configuration, or set spring.freemarker.checkTemplateLocation=false)
2022-09-21 18:19:17 INFO [org.springframework.boot.devtools.autoconfigure.OptionalLiveReloadServer]: LiveReload server is running on port 35729
2022-09-21 18:19:17 INFO [org.springframework.boot.web.embedded.tomcat.TomcatWebServer]: Tomcat started on port(s): 8888 (http) with context path ''
2022-09-21 18:19:17 INFO [com.example.yy.YYMusicApplication]: Started YYMusicApplication in 4.646 seconds (JVM running for 6.225)
2022-09-21 18:20:17 INFO [org.springframework.web.servlet.DispatcherServlet]: Initializing Servlet 'dispatcherServlet'
2022-09-21 18:20:17 INFO [org.springframework.web.servlet.DispatcherServlet]: Completed initialization in 1 ms
2022-09-21 18:20:17 INFO [com.zaxxer.hikari.HikariDataSource]: HikariPool-1 - Starting...
2022-09-21 18:20:17 INFO [com.zaxxer.hikari.HikariDataSource]: HikariPool-1 - Start completed.
2022-09-21 18:27:32 INFO [com.zaxxer.hikari.HikariDataSource]: HikariPool-1 - Shutdown initiated...
2022-09-21 18:27:32 INFO [com.zaxxer.hikari.HikariDataSource]: HikariPool-1 - Shutdown completed.
