2022-10-12 14:09:19 INFO [com.example.yy.YYMusicApplication]: Starting YYMusicApplication using Java 1.8.0_342 on WINDOWS-DIUO5D0 with PID 10544 (D:\Projects\music\YY-Music\music-server\target\classes started by EDY in D:\Projects\music\YY-Music\music-server)
2022-10-12 14:09:19 INFO [com.example.yy.YYMusicApplication]: The following profiles are active: dev
2022-10-12 14:09:19 INFO [org.springframework.boot.devtools.env.DevToolsPropertyDefaultsPostProcessor]: Devtools property defaults active! Set 'spring.devtools.add-properties' to 'false' to disable
2022-10-12 14:09:19 INFO [org.springframework.boot.devtools.env.DevToolsPropertyDefaultsPostProcessor]: For additional web related logging consider setting the 'logging.level.web' property to 'DEBUG'
2022-10-12 14:09:21 INFO [org.springframework.data.repository.config.RepositoryConfigurationDelegate]: Multiple Spring Data modules found, entering strict repository configuration mode!
2022-10-12 14:09:21 INFO [org.springframework.data.repository.config.RepositoryConfigurationDelegate]: Bootstrapping Spring Data Redis repositories in DEFAULT mode.
2022-10-12 14:09:21 INFO [org.springframework.data.repository.config.RepositoryConfigurationDelegate]: Finished Spring Data repository scanning in 14 ms. Found 0 Redis repository interfaces.
2022-10-12 14:09:23 INFO [org.springframework.boot.web.embedded.tomcat.TomcatWebServer]: Tomcat initialized with port(s): 8888 (http)
2022-10-12 14:09:23 INFO [org.springframework.boot.web.servlet.context.ServletWebServerApplicationContext]: Root WebApplicationContext: initialization completed in 3798 ms
2022-10-12 14:09:27 WARN [org.springframework.boot.autoconfigure.freemarker.FreeMarkerAutoConfiguration]: Cannot find template location(s): [classpath:/templates/] (please add some templates, check your FreeMarker configuration, or set spring.freemarker.checkTemplateLocation=false)
2022-10-12 14:09:27 INFO [org.springframework.boot.devtools.autoconfigure.OptionalLiveReloadServer]: LiveReload server is running on port 35729
2022-10-12 14:09:27 INFO [org.springframework.boot.web.embedded.tomcat.TomcatWebServer]: Tomcat started on port(s): 8888 (http) with context path ''
2022-10-12 14:09:27 INFO [com.example.yy.YYMusicApplication]: Started YYMusicApplication in 8.694 seconds (JVM running for 17.888)
2022-10-12 14:09:52 INFO [org.springframework.web.servlet.DispatcherServlet]: Initializing Servlet 'dispatcherServlet'
2022-10-12 14:09:52 INFO [org.springframework.web.servlet.DispatcherServlet]: Completed initialization in 2 ms
2022-10-12 14:09:52 WARN [org.springframework.web.servlet.PageNotFound]: No mapping for GET /message/enabled/detail
2022-10-12 14:10:00 WARN [org.springframework.web.servlet.PageNotFound]: No mapping for GET /message/enabled/detail
2022-10-12 14:10:00 WARN [org.springframework.web.servlet.PageNotFound]: No mapping for GET /favicon.ico
2022-10-12 14:11:14 INFO [com.example.yy.YYMusicApplication]: Starting YYMusicApplication using Java 1.8.0_342 on WINDOWS-DIUO5D0 with PID 21300 (D:\Projects\music\YY-Music\music-server\target\classes started by EDY in D:\Projects\music\YY-Music\music-server)
2022-10-12 14:11:14 INFO [com.example.yy.YYMusicApplication]: The following profiles are active: dev
2022-10-12 14:11:14 INFO [org.springframework.boot.devtools.env.DevToolsPropertyDefaultsPostProcessor]: Devtools property defaults active! Set 'spring.devtools.add-properties' to 'false' to disable
2022-10-12 14:11:14 INFO [org.springframework.boot.devtools.env.DevToolsPropertyDefaultsPostProcessor]: For additional web related logging consider setting the 'logging.level.web' property to 'DEBUG'
2022-10-12 14:11:14 INFO [org.springframework.data.repository.config.RepositoryConfigurationDelegate]: Multiple Spring Data modules found, entering strict repository configuration mode!
2022-10-12 14:11:14 INFO [org.springframework.data.repository.config.RepositoryConfigurationDelegate]: Bootstrapping Spring Data Redis repositories in DEFAULT mode.
2022-10-12 14:11:14 INFO [org.springframework.data.repository.config.RepositoryConfigurationDelegate]: Finished Spring Data repository scanning in 13 ms. Found 0 Redis repository interfaces.
2022-10-12 14:11:16 INFO [org.springframework.boot.web.embedded.tomcat.TomcatWebServer]: Tomcat initialized with port(s): 8888 (http)
2022-10-12 14:11:16 INFO [org.springframework.boot.web.servlet.context.ServletWebServerApplicationContext]: Root WebApplicationContext: initialization completed in 2139 ms
2022-10-12 14:11:17 WARN [org.springframework.boot.autoconfigure.freemarker.FreeMarkerAutoConfiguration]: Cannot find template location(s): [classpath:/templates/] (please add some templates, check your FreeMarker configuration, or set spring.freemarker.checkTemplateLocation=false)
2022-10-12 14:11:17 INFO [org.springframework.boot.devtools.autoconfigure.OptionalLiveReloadServer]: LiveReload server is running on port 35729
2022-10-12 14:11:17 INFO [org.springframework.boot.web.embedded.tomcat.TomcatWebServer]: Tomcat started on port(s): 8888 (http) with context path ''
2022-10-12 14:11:17 INFO [com.example.yy.YYMusicApplication]: Started YYMusicApplication in 3.47 seconds (JVM running for 4.521)
2022-10-12 14:11:35 INFO [org.springframework.web.servlet.DispatcherServlet]: Initializing Servlet 'dispatcherServlet'
2022-10-12 14:11:35 INFO [org.springframework.web.servlet.DispatcherServlet]: Completed initialization in 2 ms
2022-10-12 14:11:35 WARN [org.springframework.web.servlet.PageNotFound]: No mapping for GET /message/enabled/detail
2022-10-12 14:11:58 INFO [com.example.yy.YYMusicApplication]: Starting YYMusicApplication using Java 1.8.0_342 on WINDOWS-DIUO5D0 with PID 8908 (D:\Projects\music\YY-Music\music-server\target\classes started by EDY in D:\Projects\music\YY-Music\music-server)
2022-10-12 14:11:58 INFO [com.example.yy.YYMusicApplication]: The following profiles are active: dev
2022-10-12 14:11:58 INFO [org.springframework.boot.devtools.env.DevToolsPropertyDefaultsPostProcessor]: Devtools property defaults active! Set 'spring.devtools.add-properties' to 'false' to disable
2022-10-12 14:11:58 INFO [org.springframework.boot.devtools.env.DevToolsPropertyDefaultsPostProcessor]: For additional web related logging consider setting the 'logging.level.web' property to 'DEBUG'
2022-10-12 14:11:59 INFO [org.springframework.data.repository.config.RepositoryConfigurationDelegate]: Multiple Spring Data modules found, entering strict repository configuration mode!
2022-10-12 14:11:59 INFO [org.springframework.data.repository.config.RepositoryConfigurationDelegate]: Bootstrapping Spring Data Redis repositories in DEFAULT mode.
2022-10-12 14:11:59 INFO [org.springframework.data.repository.config.RepositoryConfigurationDelegate]: Finished Spring Data repository scanning in 55 ms. Found 0 Redis repository interfaces.
2022-10-12 14:12:01 INFO [org.springframework.boot.web.embedded.tomcat.TomcatWebServer]: Tomcat initialized with port(s): 8888 (http)
2022-10-12 14:12:01 INFO [org.springframework.boot.web.servlet.context.ServletWebServerApplicationContext]: Root WebApplicationContext: initialization completed in 2966 ms
2022-10-12 14:12:02 WARN [org.springframework.boot.autoconfigure.freemarker.FreeMarkerAutoConfiguration]: Cannot find template location(s): [classpath:/templates/] (please add some templates, check your FreeMarker configuration, or set spring.freemarker.checkTemplateLocation=false)
2022-10-12 14:12:02 INFO [org.springframework.boot.devtools.autoconfigure.OptionalLiveReloadServer]: LiveReload server is running on port 35729
2022-10-12 14:12:02 INFO [org.springframework.boot.web.embedded.tomcat.TomcatWebServer]: Tomcat started on port(s): 8888 (http) with context path ''
2022-10-12 14:12:02 INFO [com.example.yy.YYMusicApplication]: Started YYMusicApplication in 4.483 seconds (JVM running for 5.748)
2022-10-12 14:13:48 INFO [com.example.yy.YYMusicApplication]: Starting YYMusicApplication using Java 1.8.0_342 on WINDOWS-DIUO5D0 with PID 13340 (D:\Projects\music\YY-Music\music-server\target\classes started by EDY in D:\Projects\music\YY-Music\music-server)
2022-10-12 14:13:48 INFO [com.example.yy.YYMusicApplication]: The following profiles are active: dev
2022-10-12 14:13:48 INFO [org.springframework.boot.devtools.env.DevToolsPropertyDefaultsPostProcessor]: Devtools property defaults active! Set 'spring.devtools.add-properties' to 'false' to disable
2022-10-12 14:13:48 INFO [org.springframework.boot.devtools.env.DevToolsPropertyDefaultsPostProcessor]: For additional web related logging consider setting the 'logging.level.web' property to 'DEBUG'
2022-10-12 14:13:49 INFO [org.springframework.data.repository.config.RepositoryConfigurationDelegate]: Multiple Spring Data modules found, entering strict repository configuration mode!
2022-10-12 14:13:49 INFO [org.springframework.data.repository.config.RepositoryConfigurationDelegate]: Bootstrapping Spring Data Redis repositories in DEFAULT mode.
2022-10-12 14:13:49 INFO [org.springframework.data.repository.config.RepositoryConfigurationDelegate]: Finished Spring Data repository scanning in 17 ms. Found 0 Redis repository interfaces.
2022-10-12 14:13:51 INFO [org.springframework.boot.web.embedded.tomcat.TomcatWebServer]: Tomcat initialized with port(s): 8888 (http)
2022-10-12 14:13:51 INFO [org.springframework.boot.web.servlet.context.ServletWebServerApplicationContext]: Root WebApplicationContext: initialization completed in 2612 ms
2022-10-12 14:13:52 WARN [org.springframework.boot.autoconfigure.freemarker.FreeMarkerAutoConfiguration]: Cannot find template location(s): [classpath:/templates/] (please add some templates, check your FreeMarker configuration, or set spring.freemarker.checkTemplateLocation=false)
2022-10-12 14:13:52 INFO [org.springframework.boot.devtools.autoconfigure.OptionalLiveReloadServer]: LiveReload server is running on port 35729
2022-10-12 14:13:52 INFO [org.springframework.boot.web.embedded.tomcat.TomcatWebServer]: Tomcat started on port(s): 8888 (http) with context path ''
2022-10-12 14:13:52 INFO [com.example.yy.YYMusicApplication]: Started YYMusicApplication in 4.269 seconds (JVM running for 5.39)
2022-10-12 14:14:22 INFO [org.springframework.web.servlet.DispatcherServlet]: Initializing Servlet 'dispatcherServlet'
2022-10-12 14:14:22 INFO [org.springframework.web.servlet.DispatcherServlet]: Completed initialization in 1 ms
2022-10-12 14:14:23 WARN [org.springframework.web.servlet.mvc.support.DefaultHandlerExceptionResolver]: Resolved [org.springframework.web.bind.MissingServletRequestParameterException: Required request parameter 'enabled' for method parameter type Integer is not present]
2022-10-12 14:14:27 WARN [org.springframework.web.servlet.mvc.support.DefaultHandlerExceptionResolver]: Resolved [org.springframework.web.bind.MissingServletRequestParameterException: Required request parameter 'enabled' for method parameter type Integer is not present]
2022-10-12 14:15:06 INFO [com.example.yy.YYMusicApplication]: Starting YYMusicApplication using Java 1.8.0_342 on WINDOWS-DIUO5D0 with PID 11664 (D:\Projects\music\YY-Music\music-server\target\classes started by EDY in D:\Projects\music\YY-Music\music-server)
2022-10-12 14:15:06 INFO [com.example.yy.YYMusicApplication]: The following profiles are active: dev
2022-10-12 14:15:06 INFO [org.springframework.boot.devtools.env.DevToolsPropertyDefaultsPostProcessor]: Devtools property defaults active! Set 'spring.devtools.add-properties' to 'false' to disable
2022-10-12 14:15:06 INFO [org.springframework.boot.devtools.env.DevToolsPropertyDefaultsPostProcessor]: For additional web related logging consider setting the 'logging.level.web' property to 'DEBUG'
2022-10-12 14:15:07 INFO [org.springframework.data.repository.config.RepositoryConfigurationDelegate]: Multiple Spring Data modules found, entering strict repository configuration mode!
2022-10-12 14:15:07 INFO [org.springframework.data.repository.config.RepositoryConfigurationDelegate]: Bootstrapping Spring Data Redis repositories in DEFAULT mode.
2022-10-12 14:15:07 INFO [org.springframework.data.repository.config.RepositoryConfigurationDelegate]: Finished Spring Data repository scanning in 23 ms. Found 0 Redis repository interfaces.
2022-10-12 14:15:09 INFO [org.springframework.boot.web.embedded.tomcat.TomcatWebServer]: Tomcat initialized with port(s): 8888 (http)
2022-10-12 14:15:09 INFO [org.springframework.boot.web.servlet.context.ServletWebServerApplicationContext]: Root WebApplicationContext: initialization completed in 3411 ms
2022-10-12 14:15:10 WARN [org.springframework.boot.autoconfigure.freemarker.FreeMarkerAutoConfiguration]: Cannot find template location(s): [classpath:/templates/] (please add some templates, check your FreeMarker configuration, or set spring.freemarker.checkTemplateLocation=false)
2022-10-12 14:15:10 INFO [org.springframework.boot.devtools.autoconfigure.OptionalLiveReloadServer]: LiveReload server is running on port 35729
2022-10-12 14:15:10 INFO [org.springframework.boot.web.embedded.tomcat.TomcatWebServer]: Tomcat started on port(s): 8888 (http) with context path ''
2022-10-12 14:15:10 INFO [com.example.yy.YYMusicApplication]: Started YYMusicApplication in 4.962 seconds (JVM running for 6.008)
2022-10-12 14:15:13 INFO [org.springframework.web.servlet.DispatcherServlet]: Initializing Servlet 'dispatcherServlet'
2022-10-12 14:15:13 INFO [org.springframework.web.servlet.DispatcherServlet]: Completed initialization in 2 ms
2022-10-12 14:15:13 WARN [org.springframework.web.servlet.mvc.support.DefaultHandlerExceptionResolver]: Resolved [org.springframework.http.converter.HttpMessageNotReadableException: JSON parse error: Cannot deserialize value of type `java.lang.Integer` from Object value (token `JsonToken.START_OBJECT`); nested exception is com.fasterxml.jackson.databind.exc.MismatchedInputException: Cannot deserialize value of type `java.lang.Integer` from Object value (token `JsonToken.START_OBJECT`)<EOL> at [Source: (PushbackInputStream); line: 1, column: 1]]
2022-10-12 14:15:42 INFO [com.example.yy.YYMusicApplication]: Starting YYMusicApplication using Java 1.8.0_342 on WINDOWS-DIUO5D0 with PID 12736 (D:\Projects\music\YY-Music\music-server\target\classes started by EDY in D:\Projects\music\YY-Music\music-server)
2022-10-12 14:15:42 INFO [com.example.yy.YYMusicApplication]: The following profiles are active: dev
2022-10-12 14:15:42 INFO [org.springframework.boot.devtools.env.DevToolsPropertyDefaultsPostProcessor]: Devtools property defaults active! Set 'spring.devtools.add-properties' to 'false' to disable
2022-10-12 14:15:42 INFO [org.springframework.boot.devtools.env.DevToolsPropertyDefaultsPostProcessor]: For additional web related logging consider setting the 'logging.level.web' property to 'DEBUG'
2022-10-12 14:15:43 INFO [org.springframework.data.repository.config.RepositoryConfigurationDelegate]: Multiple Spring Data modules found, entering strict repository configuration mode!
2022-10-12 14:15:43 INFO [org.springframework.data.repository.config.RepositoryConfigurationDelegate]: Bootstrapping Spring Data Redis repositories in DEFAULT mode.
2022-10-12 14:15:43 INFO [org.springframework.data.repository.config.RepositoryConfigurationDelegate]: Finished Spring Data repository scanning in 18 ms. Found 0 Redis repository interfaces.
2022-10-12 14:15:44 INFO [org.springframework.boot.web.embedded.tomcat.TomcatWebServer]: Tomcat initialized with port(s): 8888 (http)
2022-10-12 14:15:44 INFO [org.springframework.boot.web.servlet.context.ServletWebServerApplicationContext]: Root WebApplicationContext: initialization completed in 2222 ms
2022-10-12 14:15:45 WARN [org.springframework.boot.autoconfigure.freemarker.FreeMarkerAutoConfiguration]: Cannot find template location(s): [classpath:/templates/] (please add some templates, check your FreeMarker configuration, or set spring.freemarker.checkTemplateLocation=false)
2022-10-12 14:15:45 INFO [org.springframework.boot.devtools.autoconfigure.OptionalLiveReloadServer]: LiveReload server is running on port 35729
2022-10-12 14:15:45 INFO [org.springframework.boot.web.embedded.tomcat.TomcatWebServer]: Tomcat started on port(s): 8888 (http) with context path ''
2022-10-12 14:15:45 INFO [com.example.yy.YYMusicApplication]: Started YYMusicApplication in 3.503 seconds (JVM running for 4.38)
2022-10-12 14:15:52 INFO [org.springframework.web.servlet.DispatcherServlet]: Initializing Servlet 'dispatcherServlet'
2022-10-12 14:15:52 INFO [org.springframework.web.servlet.DispatcherServlet]: Completed initialization in 2 ms
2022-10-12 14:15:52 WARN [org.springframework.web.servlet.mvc.support.DefaultHandlerExceptionResolver]: Resolved [org.springframework.web.bind.MissingServletRequestParameterException: Required request parameter 'enabled' for method parameter type Integer is not present]
2022-10-12 14:19:01 WARN [org.springframework.web.servlet.mvc.support.DefaultHandlerExceptionResolver]: Resolved [org.springframework.web.bind.MissingServletRequestParameterException: Required request parameter 'enabled' for method parameter type Integer is not present]
2022-10-12 14:19:05 WARN [org.springframework.web.servlet.mvc.support.DefaultHandlerExceptionResolver]: Resolved [org.springframework.web.bind.MissingServletRequestParameterException: Required request parameter 'enabled' for method parameter type Integer is not present]
2022-10-12 14:21:05 INFO [com.example.yy.YYMusicApplication]: Starting YYMusicApplication using Java 1.8.0_342 on WINDOWS-DIUO5D0 with PID 9256 (D:\Projects\music\YY-Music\music-server\target\classes started by EDY in D:\Projects\music\YY-Music\music-server)
2022-10-12 14:21:05 INFO [com.example.yy.YYMusicApplication]: The following profiles are active: dev
2022-10-12 14:21:05 INFO [org.springframework.boot.devtools.env.DevToolsPropertyDefaultsPostProcessor]: Devtools property defaults active! Set 'spring.devtools.add-properties' to 'false' to disable
2022-10-12 14:21:05 INFO [org.springframework.boot.devtools.env.DevToolsPropertyDefaultsPostProcessor]: For additional web related logging consider setting the 'logging.level.web' property to 'DEBUG'
2022-10-12 14:21:06 INFO [org.springframework.data.repository.config.RepositoryConfigurationDelegate]: Multiple Spring Data modules found, entering strict repository configuration mode!
2022-10-12 14:21:06 INFO [org.springframework.data.repository.config.RepositoryConfigurationDelegate]: Bootstrapping Spring Data Redis repositories in DEFAULT mode.
2022-10-12 14:21:06 INFO [org.springframework.data.repository.config.RepositoryConfigurationDelegate]: Finished Spring Data repository scanning in 13 ms. Found 0 Redis repository interfaces.
2022-10-12 14:21:08 INFO [org.springframework.boot.web.embedded.tomcat.TomcatWebServer]: Tomcat initialized with port(s): 8888 (http)
2022-10-12 14:21:08 INFO [org.springframework.boot.web.servlet.context.ServletWebServerApplicationContext]: Root WebApplicationContext: initialization completed in 2488 ms
2022-10-12 14:21:08 WARN [org.springframework.boot.autoconfigure.freemarker.FreeMarkerAutoConfiguration]: Cannot find template location(s): [classpath:/templates/] (please add some templates, check your FreeMarker configuration, or set spring.freemarker.checkTemplateLocation=false)
2022-10-12 14:21:09 INFO [org.springframework.boot.devtools.autoconfigure.OptionalLiveReloadServer]: LiveReload server is running on port 35729
2022-10-12 14:21:09 INFO [org.springframework.boot.web.embedded.tomcat.TomcatWebServer]: Tomcat started on port(s): 8888 (http) with context path ''
2022-10-12 14:21:09 INFO [com.example.yy.YYMusicApplication]: Started YYMusicApplication in 3.857 seconds (JVM running for 4.844)
2022-10-12 14:21:55 INFO [com.example.yy.YYMusicApplication]: Starting YYMusicApplication using Java 1.8.0_342 on WINDOWS-DIUO5D0 with PID 16276 (D:\Projects\music\YY-Music\music-server\target\classes started by EDY in D:\Projects\music\YY-Music\music-server)
2022-10-12 14:21:55 INFO [com.example.yy.YYMusicApplication]: The following profiles are active: dev
2022-10-12 14:21:55 INFO [org.springframework.boot.devtools.env.DevToolsPropertyDefaultsPostProcessor]: Devtools property defaults active! Set 'spring.devtools.add-properties' to 'false' to disable
2022-10-12 14:21:55 INFO [org.springframework.boot.devtools.env.DevToolsPropertyDefaultsPostProcessor]: For additional web related logging consider setting the 'logging.level.web' property to 'DEBUG'
2022-10-12 14:21:56 INFO [org.springframework.data.repository.config.RepositoryConfigurationDelegate]: Multiple Spring Data modules found, entering strict repository configuration mode!
2022-10-12 14:21:56 INFO [org.springframework.data.repository.config.RepositoryConfigurationDelegate]: Bootstrapping Spring Data Redis repositories in DEFAULT mode.
2022-10-12 14:21:56 INFO [org.springframework.data.repository.config.RepositoryConfigurationDelegate]: Finished Spring Data repository scanning in 18 ms. Found 0 Redis repository interfaces.
2022-10-12 14:21:57 INFO [org.springframework.boot.web.embedded.tomcat.TomcatWebServer]: Tomcat initialized with port(s): 8888 (http)
2022-10-12 14:21:58 INFO [org.springframework.boot.web.servlet.context.ServletWebServerApplicationContext]: Root WebApplicationContext: initialization completed in 2151 ms
2022-10-12 14:21:58 WARN [org.springframework.boot.autoconfigure.freemarker.FreeMarkerAutoConfiguration]: Cannot find template location(s): [classpath:/templates/] (please add some templates, check your FreeMarker configuration, or set spring.freemarker.checkTemplateLocation=false)
2022-10-12 14:21:58 INFO [org.springframework.boot.devtools.autoconfigure.OptionalLiveReloadServer]: LiveReload server is running on port 35729
2022-10-12 14:21:58 INFO [org.springframework.boot.web.embedded.tomcat.TomcatWebServer]: Tomcat started on port(s): 8888 (http) with context path ''
2022-10-12 14:21:58 INFO [com.example.yy.YYMusicApplication]: Started YYMusicApplication in 3.361 seconds (JVM running for 4.485)
2022-10-12 14:22:27 INFO [org.springframework.web.servlet.DispatcherServlet]: Initializing Servlet 'dispatcherServlet'
2022-10-12 14:22:27 INFO [org.springframework.web.servlet.DispatcherServlet]: Completed initialization in 1 ms
2022-10-12 14:22:27 WARN [org.springframework.web.servlet.mvc.support.DefaultHandlerExceptionResolver]: Resolved [org.springframework.web.bind.MissingServletRequestParameterException: Required request parameter 'enabled' for method parameter type int is not present]
2022-10-12 14:24:04 INFO [com.example.yy.YYMusicApplication]: Starting YYMusicApplication using Java 1.8.0_342 on WINDOWS-DIUO5D0 with PID 16928 (D:\Projects\music\YY-Music\music-server\target\classes started by EDY in D:\Projects\music\YY-Music\music-server)
2022-10-12 14:24:04 INFO [com.example.yy.YYMusicApplication]: The following profiles are active: dev
2022-10-12 14:24:05 INFO [org.springframework.boot.devtools.env.DevToolsPropertyDefaultsPostProcessor]: Devtools property defaults active! Set 'spring.devtools.add-properties' to 'false' to disable
2022-10-12 14:24:05 INFO [org.springframework.boot.devtools.env.DevToolsPropertyDefaultsPostProcessor]: For additional web related logging consider setting the 'logging.level.web' property to 'DEBUG'
2022-10-12 14:24:06 INFO [org.springframework.data.repository.config.RepositoryConfigurationDelegate]: Multiple Spring Data modules found, entering strict repository configuration mode!
2022-10-12 14:24:06 INFO [org.springframework.data.repository.config.RepositoryConfigurationDelegate]: Bootstrapping Spring Data Redis repositories in DEFAULT mode.
2022-10-12 14:24:06 INFO [org.springframework.data.repository.config.RepositoryConfigurationDelegate]: Finished Spring Data repository scanning in 24 ms. Found 0 Redis repository interfaces.
2022-10-12 14:24:09 INFO [org.springframework.boot.web.embedded.tomcat.TomcatWebServer]: Tomcat initialized with port(s): 8888 (http)
2022-10-12 14:24:09 INFO [org.springframework.boot.web.servlet.context.ServletWebServerApplicationContext]: Root WebApplicationContext: initialization completed in 4777 ms
2022-10-12 14:24:11 WARN [org.springframework.boot.autoconfigure.freemarker.FreeMarkerAutoConfiguration]: Cannot find template location(s): [classpath:/templates/] (please add some templates, check your FreeMarker configuration, or set spring.freemarker.checkTemplateLocation=false)
2022-10-12 14:24:11 INFO [org.springframework.boot.devtools.autoconfigure.OptionalLiveReloadServer]: LiveReload server is running on port 35729
2022-10-12 14:24:11 INFO [org.springframework.boot.web.embedded.tomcat.TomcatWebServer]: Tomcat started on port(s): 8888 (http) with context path ''
2022-10-12 14:24:11 INFO [com.example.yy.YYMusicApplication]: Started YYMusicApplication in 7.099 seconds (JVM running for 8.797)
2022-10-12 14:24:20 INFO [org.springframework.web.servlet.DispatcherServlet]: Initializing Servlet 'dispatcherServlet'
2022-10-12 14:24:20 INFO [org.springframework.web.servlet.DispatcherServlet]: Completed initialization in 2 ms
2022-10-12 14:24:21 INFO [com.zaxxer.hikari.HikariDataSource]: HikariPool-1 - Starting...
2022-10-12 14:24:21 INFO [com.zaxxer.hikari.HikariDataSource]: HikariPool-1 - Start completed.
2022-10-12 17:10:19 WARN [org.springframework.web.servlet.mvc.support.DefaultHandlerExceptionResolver]: Resolved [org.springframework.http.converter.HttpMessageNotReadableException: JSON parse error: Cannot deserialize value of type `java.lang.Integer` from Object value (token `JsonToken.START_OBJECT`); nested exception is com.fasterxml.jackson.databind.exc.MismatchedInputException: Cannot deserialize value of type `java.lang.Integer` from Object value (token `JsonToken.START_OBJECT`)<EOL> at [Source: (PushbackInputStream); line: 1, column: 11] (through reference chain: com.example.yy.model.request.FeedbackRequest["userId"])]
2022-10-12 17:10:32 WARN [org.springframework.web.servlet.mvc.support.DefaultHandlerExceptionResolver]: Resolved [org.springframework.http.converter.HttpMessageNotReadableException: JSON parse error: Cannot deserialize value of type `java.lang.Integer` from Object value (token `JsonToken.START_OBJECT`); nested exception is com.fasterxml.jackson.databind.exc.MismatchedInputException: Cannot deserialize value of type `java.lang.Integer` from Object value (token `JsonToken.START_OBJECT`)<EOL> at [Source: (PushbackInputStream); line: 1, column: 11] (through reference chain: com.example.yy.model.request.FeedbackRequest["userId"])]
2022-10-12 17:12:04 WARN [org.springframework.web.servlet.mvc.support.DefaultHandlerExceptionResolver]: Resolved [org.springframework.http.converter.HttpMessageNotReadableException: JSON parse error: Cannot deserialize value of type `java.lang.Integer` from Object value (token `JsonToken.START_OBJECT`); nested exception is com.fasterxml.jackson.databind.exc.MismatchedInputException: Cannot deserialize value of type `java.lang.Integer` from Object value (token `JsonToken.START_OBJECT`)<EOL> at [Source: (PushbackInputStream); line: 1, column: 11] (through reference chain: com.example.yy.model.request.FeedbackRequest["userId"])]
2022-10-12 17:12:18 INFO [com.zaxxer.hikari.HikariDataSource]: HikariPool-1 - Shutdown initiated...
2022-10-12 17:12:18 INFO [com.zaxxer.hikari.HikariDataSource]: HikariPool-1 - Shutdown completed.
2022-10-12 17:12:25 INFO [com.example.yy.YYMusicApplication]: Starting YYMusicApplication using Java 1.8.0_342 on WINDOWS-DIUO5D0 with PID 5776 (D:\Projects\music\YY-Music\music-server\target\classes started by EDY in D:\Projects\music\YY-Music\music-server)
2022-10-12 17:12:25 INFO [com.example.yy.YYMusicApplication]: The following profiles are active: dev
2022-10-12 17:12:25 INFO [org.springframework.boot.devtools.env.DevToolsPropertyDefaultsPostProcessor]: Devtools property defaults active! Set 'spring.devtools.add-properties' to 'false' to disable
2022-10-12 17:12:25 INFO [org.springframework.boot.devtools.env.DevToolsPropertyDefaultsPostProcessor]: For additional web related logging consider setting the 'logging.level.web' property to 'DEBUG'
2022-10-12 17:12:26 INFO [org.springframework.data.repository.config.RepositoryConfigurationDelegate]: Multiple Spring Data modules found, entering strict repository configuration mode!
2022-10-12 17:12:26 INFO [org.springframework.data.repository.config.RepositoryConfigurationDelegate]: Bootstrapping Spring Data Redis repositories in DEFAULT mode.
2022-10-12 17:12:26 INFO [org.springframework.data.repository.config.RepositoryConfigurationDelegate]: Finished Spring Data repository scanning in 13 ms. Found 0 Redis repository interfaces.
2022-10-12 17:12:28 INFO [org.springframework.boot.web.embedded.tomcat.TomcatWebServer]: Tomcat initialized with port(s): 8888 (http)
2022-10-12 17:12:28 INFO [org.springframework.boot.web.servlet.context.ServletWebServerApplicationContext]: Root WebApplicationContext: initialization completed in 2594 ms
2022-10-12 17:12:29 WARN [org.springframework.boot.autoconfigure.freemarker.FreeMarkerAutoConfiguration]: Cannot find template location(s): [classpath:/templates/] (please add some templates, check your FreeMarker configuration, or set spring.freemarker.checkTemplateLocation=false)
2022-10-12 17:12:29 INFO [org.springframework.boot.devtools.autoconfigure.OptionalLiveReloadServer]: LiveReload server is running on port 35729
2022-10-12 17:12:29 INFO [org.springframework.boot.web.embedded.tomcat.TomcatWebServer]: Tomcat started on port(s): 8888 (http) with context path ''
2022-10-12 17:12:29 INFO [com.example.yy.YYMusicApplication]: Started YYMusicApplication in 4.056 seconds (JVM running for 5.034)
2022-10-12 17:12:32 INFO [org.springframework.web.servlet.DispatcherServlet]: Initializing Servlet 'dispatcherServlet'
2022-10-12 17:12:32 INFO [org.springframework.web.servlet.DispatcherServlet]: Completed initialization in 0 ms
2022-10-12 17:12:32 WARN [org.springframework.web.servlet.mvc.support.DefaultHandlerExceptionResolver]: Resolved [org.springframework.http.converter.HttpMessageNotReadableException: JSON parse error: Cannot deserialize value of type `java.lang.Integer` from Object value (token `JsonToken.START_OBJECT`); nested exception is com.fasterxml.jackson.databind.exc.MismatchedInputException: Cannot deserialize value of type `java.lang.Integer` from Object value (token `JsonToken.START_OBJECT`)<EOL> at [Source: (PushbackInputStream); line: 1, column: 11] (through reference chain: com.example.yy.model.request.FeedbackRequest["userId"])]
2022-10-12 17:12:35 WARN [org.springframework.web.servlet.mvc.support.DefaultHandlerExceptionResolver]: Resolved [org.springframework.web.HttpRequestMethodNotSupportedException: Request method 'GET' not supported]
2022-10-12 17:14:32 INFO [com.zaxxer.hikari.HikariDataSource]: HikariPool-1 - Starting...
2022-10-12 17:14:32 INFO [com.zaxxer.hikari.HikariDataSource]: HikariPool-1 - Start completed.
2022-10-12 17:14:53 WARN [org.springframework.web.servlet.mvc.support.DefaultHandlerExceptionResolver]: Resolved [org.springframework.http.converter.HttpMessageNotReadableException: JSON parse error: Cannot deserialize value of type `java.lang.Integer` from Object value (token `JsonToken.START_OBJECT`); nested exception is com.fasterxml.jackson.databind.exc.MismatchedInputException: Cannot deserialize value of type `java.lang.Integer` from Object value (token `JsonToken.START_OBJECT`)<EOL> at [Source: (PushbackInputStream); line: 1, column: 11] (through reference chain: com.example.yy.model.request.FeedbackRequest["userId"])]
2022-10-12 17:18:18 INFO [com.zaxxer.hikari.HikariDataSource]: HikariPool-1 - Shutdown initiated...
2022-10-12 17:18:18 INFO [com.zaxxer.hikari.HikariDataSource]: HikariPool-1 - Shutdown completed.
2022-10-12 17:18:25 INFO [com.example.yy.YYMusicApplication]: Starting YYMusicApplication using Java 1.8.0_342 on WINDOWS-DIUO5D0 with PID 26656 (D:\Projects\music\YY-Music\music-server\target\classes started by EDY in D:\Projects\music\YY-Music\music-server)
2022-10-12 17:18:25 INFO [com.example.yy.YYMusicApplication]: The following profiles are active: dev
2022-10-12 17:18:25 INFO [org.springframework.boot.devtools.env.DevToolsPropertyDefaultsPostProcessor]: Devtools property defaults active! Set 'spring.devtools.add-properties' to 'false' to disable
2022-10-12 17:18:25 INFO [org.springframework.boot.devtools.env.DevToolsPropertyDefaultsPostProcessor]: For additional web related logging consider setting the 'logging.level.web' property to 'DEBUG'
2022-10-12 17:18:26 INFO [org.springframework.data.repository.config.RepositoryConfigurationDelegate]: Multiple Spring Data modules found, entering strict repository configuration mode!
2022-10-12 17:18:26 INFO [org.springframework.data.repository.config.RepositoryConfigurationDelegate]: Bootstrapping Spring Data Redis repositories in DEFAULT mode.
2022-10-12 17:18:26 INFO [org.springframework.data.repository.config.RepositoryConfigurationDelegate]: Finished Spring Data repository scanning in 15 ms. Found 0 Redis repository interfaces.
2022-10-12 17:18:27 INFO [org.springframework.boot.web.embedded.tomcat.TomcatWebServer]: Tomcat initialized with port(s): 8888 (http)
2022-10-12 17:18:28 INFO [org.springframework.boot.web.servlet.context.ServletWebServerApplicationContext]: Root WebApplicationContext: initialization completed in 2294 ms
2022-10-12 17:18:28 WARN [org.springframework.boot.autoconfigure.freemarker.FreeMarkerAutoConfiguration]: Cannot find template location(s): [classpath:/templates/] (please add some templates, check your FreeMarker configuration, or set spring.freemarker.checkTemplateLocation=false)
2022-10-12 17:18:28 INFO [org.springframework.boot.devtools.autoconfigure.OptionalLiveReloadServer]: LiveReload server is running on port 35729
2022-10-12 17:18:28 INFO [org.springframework.boot.web.embedded.tomcat.TomcatWebServer]: Tomcat started on port(s): 8888 (http) with context path ''
2022-10-12 17:18:28 INFO [com.example.yy.YYMusicApplication]: Started YYMusicApplication in 3.642 seconds (JVM running for 4.742)
2022-10-12 17:22:37 INFO [org.springframework.web.servlet.DispatcherServlet]: Initializing Servlet 'dispatcherServlet'
2022-10-12 17:22:37 INFO [org.springframework.web.servlet.DispatcherServlet]: Completed initialization in 1 ms
2022-10-12 17:22:37 WARN [org.springframework.web.servlet.mvc.support.DefaultHandlerExceptionResolver]: Resolved [org.springframework.http.converter.HttpMessageNotReadableException: JSON parse error: Cannot deserialize value of type `java.lang.String` from Object value (token `JsonToken.START_OBJECT`); nested exception is com.fasterxml.jackson.databind.exc.MismatchedInputException: Cannot deserialize value of type `java.lang.String` from Object value (token `JsonToken.START_OBJECT`)<EOL> at [Source: (PushbackInputStream); line: 1, column: 11] (through reference chain: com.example.yy.model.request.FeedbackRequest["userId"])]
2022-10-12 17:23:41 WARN [org.springframework.web.servlet.mvc.support.DefaultHandlerExceptionResolver]: Resolved [org.springframework.http.converter.HttpMessageNotReadableException: JSON parse error: Cannot deserialize value of type `java.lang.String` from Object value (token `JsonToken.START_OBJECT`); nested exception is com.fasterxml.jackson.databind.exc.MismatchedInputException: Cannot deserialize value of type `java.lang.String` from Object value (token `JsonToken.START_OBJECT`)<EOL> at [Source: (PushbackInputStream); line: 1, column: 11] (through reference chain: com.example.yy.model.request.FeedbackRequest["userId"])]
2022-10-12 17:24:19 INFO [com.zaxxer.hikari.HikariDataSource]: HikariPool-1 - Starting...
2022-10-12 17:24:19 INFO [com.zaxxer.hikari.HikariDataSource]: HikariPool-1 - Start completed.
2022-10-12 17:24:26 WARN [org.springframework.web.servlet.mvc.support.DefaultHandlerExceptionResolver]: Resolved [org.springframework.http.converter.HttpMessageNotReadableException: JSON parse error: Cannot deserialize value of type `java.lang.String` from Object value (token `JsonToken.START_OBJECT`); nested exception is com.fasterxml.jackson.databind.exc.MismatchedInputException: Cannot deserialize value of type `java.lang.String` from Object value (token `JsonToken.START_OBJECT`)<EOL> at [Source: (PushbackInputStream); line: 1, column: 11] (through reference chain: com.example.yy.model.request.FeedbackRequest["userId"])]
2022-10-12 17:27:04 WARN [org.springframework.web.servlet.mvc.support.DefaultHandlerExceptionResolver]: Resolved [org.springframework.web.HttpRequestMethodNotSupportedException: Request method 'GET' not supported]
2022-10-12 17:27:17 WARN [org.springframework.web.servlet.mvc.support.DefaultHandlerExceptionResolver]: Resolved [org.springframework.http.converter.HttpMessageNotReadableException: JSON parse error: Cannot deserialize value of type `java.lang.String` from Object value (token `JsonToken.START_OBJECT`); nested exception is com.fasterxml.jackson.databind.exc.MismatchedInputException: Cannot deserialize value of type `java.lang.String` from Object value (token `JsonToken.START_OBJECT`)<EOL> at [Source: (PushbackInputStream); line: 1, column: 11] (through reference chain: com.example.yy.model.request.FeedbackRequest["userId"])]
2022-10-12 17:33:51 WARN [org.springframework.web.servlet.mvc.support.DefaultHandlerExceptionResolver]: Resolved [org.springframework.http.converter.HttpMessageNotReadableException: JSON parse error: Cannot deserialize value of type `java.lang.String` from Object value (token `JsonToken.START_OBJECT`); nested exception is com.fasterxml.jackson.databind.exc.MismatchedInputException: Cannot deserialize value of type `java.lang.String` from Object value (token `JsonToken.START_OBJECT`)<EOL> at [Source: (PushbackInputStream); line: 1, column: 11] (through reference chain: com.example.yy.model.request.FeedbackRequest["userId"])]
2022-10-12 17:33:51 WARN [org.springframework.web.servlet.mvc.support.DefaultHandlerExceptionResolver]: Resolved [org.springframework.http.converter.HttpMessageNotReadableException: JSON parse error: Cannot deserialize value of type `java.lang.String` from Object value (token `JsonToken.START_OBJECT`); nested exception is com.fasterxml.jackson.databind.exc.MismatchedInputException: Cannot deserialize value of type `java.lang.String` from Object value (token `JsonToken.START_OBJECT`)<EOL> at [Source: (PushbackInputStream); line: 1, column: 11] (through reference chain: com.example.yy.model.request.FeedbackRequest["userId"])]
2022-10-12 17:33:52 WARN [org.springframework.web.servlet.mvc.support.DefaultHandlerExceptionResolver]: Resolved [org.springframework.http.converter.HttpMessageNotReadableException: JSON parse error: Cannot deserialize value of type `java.lang.String` from Object value (token `JsonToken.START_OBJECT`); nested exception is com.fasterxml.jackson.databind.exc.MismatchedInputException: Cannot deserialize value of type `java.lang.String` from Object value (token `JsonToken.START_OBJECT`)<EOL> at [Source: (PushbackInputStream); line: 1, column: 11] (through reference chain: com.example.yy.model.request.FeedbackRequest["userId"])]
2022-10-12 17:33:52 WARN [org.springframework.web.servlet.mvc.support.DefaultHandlerExceptionResolver]: Resolved [org.springframework.http.converter.HttpMessageNotReadableException: JSON parse error: Cannot deserialize value of type `java.lang.String` from Object value (token `JsonToken.START_OBJECT`); nested exception is com.fasterxml.jackson.databind.exc.MismatchedInputException: Cannot deserialize value of type `java.lang.String` from Object value (token `JsonToken.START_OBJECT`)<EOL> at [Source: (PushbackInputStream); line: 1, column: 11] (through reference chain: com.example.yy.model.request.FeedbackRequest["userId"])]
2022-10-12 17:33:52 WARN [org.springframework.web.servlet.mvc.support.DefaultHandlerExceptionResolver]: Resolved [org.springframework.http.converter.HttpMessageNotReadableException: JSON parse error: Cannot deserialize value of type `java.lang.String` from Object value (token `JsonToken.START_OBJECT`); nested exception is com.fasterxml.jackson.databind.exc.MismatchedInputException: Cannot deserialize value of type `java.lang.String` from Object value (token `JsonToken.START_OBJECT`)<EOL> at [Source: (PushbackInputStream); line: 1, column: 11] (through reference chain: com.example.yy.model.request.FeedbackRequest["userId"])]
2022-10-12 17:33:52 WARN [org.springframework.web.servlet.mvc.support.DefaultHandlerExceptionResolver]: Resolved [org.springframework.http.converter.HttpMessageNotReadableException: JSON parse error: Cannot deserialize value of type `java.lang.String` from Object value (token `JsonToken.START_OBJECT`); nested exception is com.fasterxml.jackson.databind.exc.MismatchedInputException: Cannot deserialize value of type `java.lang.String` from Object value (token `JsonToken.START_OBJECT`)<EOL> at [Source: (PushbackInputStream); line: 1, column: 11] (through reference chain: com.example.yy.model.request.FeedbackRequest["userId"])]
2022-10-12 17:33:52 WARN [org.springframework.web.servlet.mvc.support.DefaultHandlerExceptionResolver]: Resolved [org.springframework.http.converter.HttpMessageNotReadableException: JSON parse error: Cannot deserialize value of type `java.lang.String` from Object value (token `JsonToken.START_OBJECT`); nested exception is com.fasterxml.jackson.databind.exc.MismatchedInputException: Cannot deserialize value of type `java.lang.String` from Object value (token `JsonToken.START_OBJECT`)<EOL> at [Source: (PushbackInputStream); line: 1, column: 11] (through reference chain: com.example.yy.model.request.FeedbackRequest["userId"])]
2022-10-12 17:33:52 WARN [org.springframework.web.servlet.mvc.support.DefaultHandlerExceptionResolver]: Resolved [org.springframework.http.converter.HttpMessageNotReadableException: JSON parse error: Cannot deserialize value of type `java.lang.String` from Object value (token `JsonToken.START_OBJECT`); nested exception is com.fasterxml.jackson.databind.exc.MismatchedInputException: Cannot deserialize value of type `java.lang.String` from Object value (token `JsonToken.START_OBJECT`)<EOL> at [Source: (PushbackInputStream); line: 1, column: 11] (through reference chain: com.example.yy.model.request.FeedbackRequest["userId"])]
2022-10-12 17:34:06 INFO [com.zaxxer.hikari.HikariDataSource]: HikariPool-1 - Shutdown initiated...
2022-10-12 17:34:06 INFO [com.zaxxer.hikari.HikariDataSource]: HikariPool-1 - Shutdown completed.
2022-10-12 17:34:12 INFO [com.example.yy.YYMusicApplication]: Starting YYMusicApplication using Java 1.8.0_342 on WINDOWS-DIUO5D0 with PID 2472 (D:\Projects\music\YY-Music\music-server\target\classes started by EDY in D:\Projects\music\YY-Music\music-server)
2022-10-12 17:34:12 INFO [com.example.yy.YYMusicApplication]: The following profiles are active: dev
2022-10-12 17:34:12 INFO [org.springframework.boot.devtools.env.DevToolsPropertyDefaultsPostProcessor]: Devtools property defaults active! Set 'spring.devtools.add-properties' to 'false' to disable
2022-10-12 17:34:12 INFO [org.springframework.boot.devtools.env.DevToolsPropertyDefaultsPostProcessor]: For additional web related logging consider setting the 'logging.level.web' property to 'DEBUG'
2022-10-12 17:34:13 INFO [org.springframework.data.repository.config.RepositoryConfigurationDelegate]: Multiple Spring Data modules found, entering strict repository configuration mode!
2022-10-12 17:34:13 INFO [org.springframework.data.repository.config.RepositoryConfigurationDelegate]: Bootstrapping Spring Data Redis repositories in DEFAULT mode.
2022-10-12 17:34:13 INFO [org.springframework.data.repository.config.RepositoryConfigurationDelegate]: Finished Spring Data repository scanning in 14 ms. Found 0 Redis repository interfaces.
2022-10-12 17:34:15 INFO [org.springframework.boot.web.embedded.tomcat.TomcatWebServer]: Tomcat initialized with port(s): 8888 (http)
2022-10-12 17:34:15 INFO [org.springframework.boot.web.servlet.context.ServletWebServerApplicationContext]: Root WebApplicationContext: initialization completed in 2212 ms
2022-10-12 17:34:15 WARN [org.springframework.boot.autoconfigure.freemarker.FreeMarkerAutoConfiguration]: Cannot find template location(s): [classpath:/templates/] (please add some templates, check your FreeMarker configuration, or set spring.freemarker.checkTemplateLocation=false)
2022-10-12 17:34:16 INFO [org.springframework.boot.devtools.autoconfigure.OptionalLiveReloadServer]: LiveReload server is running on port 35729
2022-10-12 17:34:16 INFO [org.springframework.boot.web.embedded.tomcat.TomcatWebServer]: Tomcat started on port(s): 8888 (http) with context path ''
2022-10-12 17:34:16 INFO [com.example.yy.YYMusicApplication]: Started YYMusicApplication in 3.565 seconds (JVM running for 4.461)
2022-10-12 17:35:54 INFO [org.springframework.web.servlet.DispatcherServlet]: Initializing Servlet 'dispatcherServlet'
2022-10-12 17:35:54 INFO [org.springframework.web.servlet.DispatcherServlet]: Completed initialization in 1 ms
2022-10-12 17:35:55 WARN [org.springframework.web.servlet.mvc.support.DefaultHandlerExceptionResolver]: Resolved [org.springframework.http.converter.HttpMessageNotReadableException: JSON parse error: Cannot deserialize value of type `java.lang.String` from Object value (token `JsonToken.START_OBJECT`); nested exception is com.fasterxml.jackson.databind.exc.MismatchedInputException: Cannot deserialize value of type `java.lang.String` from Object value (token `JsonToken.START_OBJECT`)<EOL> at [Source: (PushbackInputStream); line: 1, column: 11] (through reference chain: com.example.yy.model.request.FeedbackRequest["userId"])]
2022-10-12 17:36:41 INFO [com.zaxxer.hikari.HikariDataSource]: HikariPool-1 - Starting...
2022-10-12 17:36:41 INFO [com.zaxxer.hikari.HikariDataSource]: HikariPool-1 - Start completed.
2022-10-12 18:06:39 INFO [com.zaxxer.hikari.HikariDataSource]: HikariPool-1 - Shutdown initiated...
2022-10-12 18:06:39 INFO [com.zaxxer.hikari.HikariDataSource]: HikariPool-1 - Shutdown completed.
2022-10-12 18:06:47 INFO [com.example.yy.YYMusicApplication]: Starting YYMusicApplication using Java 1.8.0_342 on WINDOWS-DIUO5D0 with PID 29908 (D:\Projects\music\YY-Music\music-server\target\classes started by EDY in D:\Projects\music\YY-Music\music-server)
2022-10-12 18:06:47 INFO [com.example.yy.YYMusicApplication]: The following profiles are active: dev
2022-10-12 18:06:47 INFO [org.springframework.boot.devtools.env.DevToolsPropertyDefaultsPostProcessor]: Devtools property defaults active! Set 'spring.devtools.add-properties' to 'false' to disable
2022-10-12 18:06:47 INFO [org.springframework.boot.devtools.env.DevToolsPropertyDefaultsPostProcessor]: For additional web related logging consider setting the 'logging.level.web' property to 'DEBUG'
2022-10-12 18:06:48 INFO [org.springframework.data.repository.config.RepositoryConfigurationDelegate]: Multiple Spring Data modules found, entering strict repository configuration mode!
2022-10-12 18:06:48 INFO [org.springframework.data.repository.config.RepositoryConfigurationDelegate]: Bootstrapping Spring Data Redis repositories in DEFAULT mode.
2022-10-12 18:06:49 INFO [org.springframework.data.repository.config.RepositoryConfigurationDelegate]: Finished Spring Data repository scanning in 13 ms. Found 0 Redis repository interfaces.
2022-10-12 18:06:51 INFO [org.springframework.boot.web.embedded.tomcat.TomcatWebServer]: Tomcat initialized with port(s): 8888 (http)
2022-10-12 18:06:51 INFO [org.springframework.boot.web.servlet.context.ServletWebServerApplicationContext]: Root WebApplicationContext: initialization completed in 3293 ms
2022-10-12 18:06:51 WARN [org.springframework.boot.autoconfigure.freemarker.FreeMarkerAutoConfiguration]: Cannot find template location(s): [classpath:/templates/] (please add some templates, check your FreeMarker configuration, or set spring.freemarker.checkTemplateLocation=false)
2022-10-12 18:06:51 INFO [org.springframework.boot.devtools.autoconfigure.OptionalLiveReloadServer]: LiveReload server is running on port 35729
2022-10-12 18:06:52 INFO [org.springframework.boot.web.embedded.tomcat.TomcatWebServer]: Tomcat started on port(s): 8888 (http) with context path ''
2022-10-12 18:06:52 INFO [com.example.yy.YYMusicApplication]: Started YYMusicApplication in 4.66 seconds (JVM running for 5.654)
2022-10-12 18:07:05 INFO [org.springframework.web.servlet.DispatcherServlet]: Initializing Servlet 'dispatcherServlet'
2022-10-12 18:07:05 INFO [org.springframework.web.servlet.DispatcherServlet]: Completed initialization in 1 ms
2022-10-12 18:07:06 INFO [com.zaxxer.hikari.HikariDataSource]: HikariPool-1 - Starting...
2022-10-12 18:07:06 INFO [com.zaxxer.hikari.HikariDataSource]: HikariPool-1 - Start completed.
2022-10-12 18:11:16 INFO [com.zaxxer.hikari.HikariDataSource]: HikariPool-1 - Shutdown initiated...
2022-10-12 18:11:16 INFO [com.zaxxer.hikari.HikariDataSource]: HikariPool-1 - Shutdown completed.
2022-10-12 18:13:45 INFO [com.example.yy.YYMusicApplication]: Starting YYMusicApplication using Java 1.8.0_342 on WINDOWS-DIUO5D0 with PID 3192 (D:\Projects\music\YY-Music\music-server\target\classes started by EDY in D:\Projects\music\YY-Music\music-server)
2022-10-12 18:13:45 INFO [com.example.yy.YYMusicApplication]: The following profiles are active: dev
2022-10-12 18:13:45 INFO [org.springframework.boot.devtools.env.DevToolsPropertyDefaultsPostProcessor]: Devtools property defaults active! Set 'spring.devtools.add-properties' to 'false' to disable
2022-10-12 18:13:45 INFO [org.springframework.boot.devtools.env.DevToolsPropertyDefaultsPostProcessor]: For additional web related logging consider setting the 'logging.level.web' property to 'DEBUG'
2022-10-12 18:13:46 INFO [org.springframework.data.repository.config.RepositoryConfigurationDelegate]: Multiple Spring Data modules found, entering strict repository configuration mode!
2022-10-12 18:13:46 INFO [org.springframework.data.repository.config.RepositoryConfigurationDelegate]: Bootstrapping Spring Data Redis repositories in DEFAULT mode.
2022-10-12 18:13:46 INFO [org.springframework.data.repository.config.RepositoryConfigurationDelegate]: Finished Spring Data repository scanning in 64 ms. Found 0 Redis repository interfaces.
2022-10-12 18:13:47 INFO [org.springframework.boot.web.embedded.tomcat.TomcatWebServer]: Tomcat initialized with port(s): 8888 (http)
2022-10-12 18:13:48 INFO [org.springframework.boot.web.servlet.context.ServletWebServerApplicationContext]: Root WebApplicationContext: initialization completed in 2803 ms
2022-10-12 18:13:49 WARN [org.springframework.boot.autoconfigure.freemarker.FreeMarkerAutoConfiguration]: Cannot find template location(s): [classpath:/templates/] (please add some templates, check your FreeMarker configuration, or set spring.freemarker.checkTemplateLocation=false)
2022-10-12 18:13:49 INFO [org.springframework.boot.devtools.autoconfigure.OptionalLiveReloadServer]: LiveReload server is running on port 35729
2022-10-12 18:13:49 INFO [org.springframework.boot.web.embedded.tomcat.TomcatWebServer]: Tomcat started on port(s): 8888 (http) with context path ''
2022-10-12 18:13:50 INFO [com.example.yy.YYMusicApplication]: Started YYMusicApplication in 5.323 seconds (JVM running for 9.973)
