2022-10-10 16:57:44 INFO [com.example.yy.YYMusicApplication]: Starting YYMusicApplication using Java 1.8.0_342 on WINDOWS-DIUO5D0 with PID 20536 (D:\Projects\music\YY-Music\music-server\target\classes started by EDY in D:\Projects\music\YY-Music\music-server)
2022-10-10 16:57:44 INFO [com.example.yy.YYMusicApplication]: The following profiles are active: dev
2022-10-10 16:57:45 INFO [org.springframework.boot.devtools.env.DevToolsPropertyDefaultsPostProcessor]: Devtools property defaults active! Set 'spring.devtools.add-properties' to 'false' to disable
2022-10-10 16:57:45 INFO [org.springframework.boot.devtools.env.DevToolsPropertyDefaultsPostProcessor]: For additional web related logging consider setting the 'logging.level.web' property to 'DEBUG'
2022-10-10 16:57:47 INFO [org.springframework.data.repository.config.RepositoryConfigurationDelegate]: Multiple Spring Data modules found, entering strict repository configuration mode!
2022-10-10 16:57:47 INFO [org.springframework.data.repository.config.RepositoryConfigurationDelegate]: Bootstrapping Spring Data Redis repositories in DEFAULT mode.
2022-10-10 16:57:47 INFO [org.springframework.data.repository.config.RepositoryConfigurationDelegate]: Finished Spring Data repository scanning in 36 ms. Found 0 Redis repository interfaces.
2022-10-10 16:57:51 INFO [org.springframework.boot.web.embedded.tomcat.TomcatWebServer]: Tomcat initialized with port(s): 8888 (http)
2022-10-10 16:57:51 INFO [org.springframework.boot.web.servlet.context.ServletWebServerApplicationContext]: Root WebApplicationContext: initialization completed in 6935 ms
2022-10-10 16:57:56 WARN [org.springframework.boot.autoconfigure.freemarker.FreeMarkerAutoConfiguration]: Cannot find template location(s): [classpath:/templates/] (please add some templates, check your FreeMarker configuration, or set spring.freemarker.checkTemplateLocation=false)
2022-10-10 16:57:57 INFO [org.springframework.boot.devtools.autoconfigure.OptionalLiveReloadServer]: LiveReload server is running on port 35729
2022-10-10 16:57:57 INFO [org.springframework.boot.web.embedded.tomcat.TomcatWebServer]: Tomcat started on port(s): 8888 (http) with context path ''
2022-10-10 16:57:57 INFO [com.example.yy.YYMusicApplication]: Started YYMusicApplication in 13.637 seconds (JVM running for 16.224)
2022-10-10 17:04:16 INFO [org.springframework.web.servlet.DispatcherServlet]: Initializing Servlet 'dispatcherServlet'
2022-10-10 17:04:16 INFO [org.springframework.web.servlet.DispatcherServlet]: Completed initialization in 78 ms
2022-10-10 17:04:17 INFO [com.zaxxer.hikari.HikariDataSource]: HikariPool-1 - Starting...
2022-10-10 17:04:17 INFO [com.zaxxer.hikari.HikariDataSource]: HikariPool-1 - Start completed.
2022-10-10 17:12:42 WARN [org.springframework.web.servlet.mvc.support.DefaultHandlerExceptionResolver]: Resolved [org.springframework.web.bind.MissingServletRequestParameterException: Required request parameter 'replyMessageBoardRequest' for method parameter type MessageBoardRequest is not present]
2022-10-10 17:16:57 INFO [com.zaxxer.hikari.HikariDataSource]: HikariPool-1 - Shutdown initiated...
2022-10-10 17:16:57 INFO [com.zaxxer.hikari.HikariDataSource]: HikariPool-1 - Shutdown completed.
2022-10-10 17:17:11 INFO [com.example.yy.YYMusicApplication]: Starting YYMusicApplication using Java 1.8.0_342 on WINDOWS-DIUO5D0 with PID 26244 (D:\Projects\music\YY-Music\music-server\target\classes started by EDY in D:\Projects\music\YY-Music\music-server)
2022-10-10 17:17:11 INFO [com.example.yy.YYMusicApplication]: The following profiles are active: dev
2022-10-10 17:17:11 INFO [org.springframework.boot.devtools.env.DevToolsPropertyDefaultsPostProcessor]: Devtools property defaults active! Set 'spring.devtools.add-properties' to 'false' to disable
2022-10-10 17:17:11 INFO [org.springframework.boot.devtools.env.DevToolsPropertyDefaultsPostProcessor]: For additional web related logging consider setting the 'logging.level.web' property to 'DEBUG'
2022-10-10 17:17:13 INFO [org.springframework.data.repository.config.RepositoryConfigurationDelegate]: Multiple Spring Data modules found, entering strict repository configuration mode!
2022-10-10 17:17:13 INFO [org.springframework.data.repository.config.RepositoryConfigurationDelegate]: Bootstrapping Spring Data Redis repositories in DEFAULT mode.
2022-10-10 17:17:13 INFO [org.springframework.data.repository.config.RepositoryConfigurationDelegate]: Finished Spring Data repository scanning in 34 ms. Found 0 Redis repository interfaces.
2022-10-10 17:17:16 INFO [org.springframework.boot.web.embedded.tomcat.TomcatWebServer]: Tomcat initialized with port(s): 8888 (http)
2022-10-10 17:17:16 INFO [org.springframework.boot.web.servlet.context.ServletWebServerApplicationContext]: Root WebApplicationContext: initialization completed in 5370 ms
2022-10-10 17:17:18 WARN [org.springframework.boot.autoconfigure.freemarker.FreeMarkerAutoConfiguration]: Cannot find template location(s): [classpath:/templates/] (please add some templates, check your FreeMarker configuration, or set spring.freemarker.checkTemplateLocation=false)
2022-10-10 17:17:18 INFO [org.springframework.boot.devtools.autoconfigure.OptionalLiveReloadServer]: LiveReload server is running on port 35729
2022-10-10 17:17:18 INFO [org.springframework.boot.web.embedded.tomcat.TomcatWebServer]: Tomcat started on port(s): 8888 (http) with context path ''
2022-10-10 17:17:18 INFO [com.example.yy.YYMusicApplication]: Started YYMusicApplication in 8.243 seconds (JVM running for 10.222)
2022-10-10 17:17:25 INFO [org.springframework.web.servlet.DispatcherServlet]: Initializing Servlet 'dispatcherServlet'
2022-10-10 17:17:25 INFO [org.springframework.web.servlet.DispatcherServlet]: Completed initialization in 7 ms
2022-10-10 17:17:25 INFO [com.zaxxer.hikari.HikariDataSource]: HikariPool-1 - Starting...
2022-10-10 17:17:25 INFO [com.zaxxer.hikari.HikariDataSource]: HikariPool-1 - Start completed.
2022-10-10 17:22:40 WARN [org.springframework.web.servlet.PageNotFound]: No mapping for GET /favicon.ico
2022-10-10 17:23:41 INFO [com.zaxxer.hikari.HikariDataSource]: HikariPool-1 - Shutdown initiated...
2022-10-10 17:23:41 INFO [com.zaxxer.hikari.HikariDataSource]: HikariPool-1 - Shutdown completed.
2022-10-10 17:23:50 INFO [com.example.yy.YYMusicApplication]: Starting YYMusicApplication using Java 1.8.0_342 on WINDOWS-DIUO5D0 with PID 17656 (D:\Projects\music\YY-Music\music-server\target\classes started by EDY in D:\Projects\music\YY-Music\music-server)
2022-10-10 17:23:50 INFO [com.example.yy.YYMusicApplication]: The following profiles are active: dev
2022-10-10 17:23:50 INFO [org.springframework.boot.devtools.env.DevToolsPropertyDefaultsPostProcessor]: Devtools property defaults active! Set 'spring.devtools.add-properties' to 'false' to disable
2022-10-10 17:23:50 INFO [org.springframework.boot.devtools.env.DevToolsPropertyDefaultsPostProcessor]: For additional web related logging consider setting the 'logging.level.web' property to 'DEBUG'
2022-10-10 17:23:52 INFO [org.springframework.data.repository.config.RepositoryConfigurationDelegate]: Multiple Spring Data modules found, entering strict repository configuration mode!
2022-10-10 17:23:52 INFO [org.springframework.data.repository.config.RepositoryConfigurationDelegate]: Bootstrapping Spring Data Redis repositories in DEFAULT mode.
2022-10-10 17:23:53 INFO [org.springframework.data.repository.config.RepositoryConfigurationDelegate]: Finished Spring Data repository scanning in 60 ms. Found 0 Redis repository interfaces.
2022-10-10 17:23:57 INFO [org.springframework.boot.web.embedded.tomcat.TomcatWebServer]: Tomcat initialized with port(s): 8888 (http)
2022-10-10 17:23:57 INFO [org.springframework.boot.web.servlet.context.ServletWebServerApplicationContext]: Root WebApplicationContext: initialization completed in 7083 ms
2022-10-10 17:23:59 WARN [org.springframework.boot.autoconfigure.freemarker.FreeMarkerAutoConfiguration]: Cannot find template location(s): [classpath:/templates/] (please add some templates, check your FreeMarker configuration, or set spring.freemarker.checkTemplateLocation=false)
2022-10-10 17:23:59 INFO [org.springframework.boot.devtools.autoconfigure.OptionalLiveReloadServer]: LiveReload server is running on port 35729
2022-10-10 17:23:59 INFO [org.springframework.boot.web.embedded.tomcat.TomcatWebServer]: Tomcat started on port(s): 8888 (http) with context path ''
2022-10-10 17:23:59 INFO [com.example.yy.YYMusicApplication]: Started YYMusicApplication in 10.372 seconds (JVM running for 12.455)
2022-10-10 17:24:04 INFO [org.springframework.web.servlet.DispatcherServlet]: Initializing Servlet 'dispatcherServlet'
2022-10-10 17:24:04 INFO [org.springframework.web.servlet.DispatcherServlet]: Completed initialization in 1 ms
2022-10-10 17:24:04 INFO [com.zaxxer.hikari.HikariDataSource]: HikariPool-1 - Starting...
2022-10-10 17:24:04 INFO [com.zaxxer.hikari.HikariDataSource]: HikariPool-1 - Start completed.
2022-10-10 17:32:18 INFO [com.zaxxer.hikari.HikariDataSource]: HikariPool-1 - Shutdown initiated...
2022-10-10 17:32:19 INFO [com.zaxxer.hikari.HikariDataSource]: HikariPool-1 - Shutdown completed.
2022-10-10 17:32:39 INFO [com.example.yy.YYMusicApplication]: Starting YYMusicApplication using Java 1.8.0_342 on WINDOWS-DIUO5D0 with PID 19608 (D:\Projects\music\YY-Music\music-server\target\classes started by EDY in D:\Projects\music\YY-Music\music-server)
2022-10-10 17:32:39 INFO [com.example.yy.YYMusicApplication]: The following profiles are active: dev
2022-10-10 17:32:39 INFO [org.springframework.boot.devtools.env.DevToolsPropertyDefaultsPostProcessor]: Devtools property defaults active! Set 'spring.devtools.add-properties' to 'false' to disable
2022-10-10 17:32:39 INFO [org.springframework.boot.devtools.env.DevToolsPropertyDefaultsPostProcessor]: For additional web related logging consider setting the 'logging.level.web' property to 'DEBUG'
2022-10-10 17:32:41 INFO [org.springframework.data.repository.config.RepositoryConfigurationDelegate]: Multiple Spring Data modules found, entering strict repository configuration mode!
2022-10-10 17:32:41 INFO [org.springframework.data.repository.config.RepositoryConfigurationDelegate]: Bootstrapping Spring Data Redis repositories in DEFAULT mode.
2022-10-10 17:32:41 INFO [org.springframework.data.repository.config.RepositoryConfigurationDelegate]: Finished Spring Data repository scanning in 44 ms. Found 0 Redis repository interfaces.
2022-10-10 17:32:45 INFO [org.springframework.boot.web.embedded.tomcat.TomcatWebServer]: Tomcat initialized with port(s): 8888 (http)
2022-10-10 17:32:46 INFO [org.springframework.boot.web.servlet.context.ServletWebServerApplicationContext]: Root WebApplicationContext: initialization completed in 6398 ms
2022-10-10 17:32:48 WARN [org.springframework.boot.autoconfigure.freemarker.FreeMarkerAutoConfiguration]: Cannot find template location(s): [classpath:/templates/] (please add some templates, check your FreeMarker configuration, or set spring.freemarker.checkTemplateLocation=false)
2022-10-10 17:32:48 INFO [org.springframework.boot.devtools.autoconfigure.OptionalLiveReloadServer]: LiveReload server is running on port 35729
2022-10-10 17:32:48 INFO [org.springframework.boot.web.embedded.tomcat.TomcatWebServer]: Tomcat started on port(s): 8888 (http) with context path ''
2022-10-10 17:32:48 INFO [com.example.yy.YYMusicApplication]: Started YYMusicApplication in 10.072 seconds (JVM running for 12.157)
2022-10-10 17:32:50 INFO [org.springframework.web.servlet.DispatcherServlet]: Initializing Servlet 'dispatcherServlet'
2022-10-10 17:32:50 INFO [org.springframework.web.servlet.DispatcherServlet]: Completed initialization in 2 ms
2022-10-10 17:32:50 INFO [com.zaxxer.hikari.HikariDataSource]: HikariPool-1 - Starting...
2022-10-10 17:32:50 INFO [com.zaxxer.hikari.HikariDataSource]: HikariPool-1 - Start completed.
