九月 14, 2022 5:13:41 下午 io.github.yedaxia.apidocs.LogUtils info
信息: info: find java src paths:  [D:\Projects\music\YY-Music\music-server\src\main\java\]
九月 14, 2022 5:13:41 下午 io.github.yedaxia.apidocs.LogUtils info
信息: info: project type not set, try to figure out...
九月 14, 2022 5:13:41 下午 io.github.yedaxia.apidocs.LogUtils info
信息: info: start find controllers in path : D:\Projects\music\YY-Music\music-server\src\main\java\
九月 14, 2022 5:13:41 下午 io.github.yedaxia.apidocs.LogUtils info
信息: info: find controller file : AdminController.java
九月 14, 2022 5:13:41 下午 io.github.yedaxia.apidocs.LogUtils info
信息: info: find controller file : BannerController.java
九月 14, 2022 5:13:41 下午 io.github.yedaxia.apidocs.LogUtils info
信息: info: find controller file : CollectController.java
九月 14, 2022 5:13:41 下午 io.github.yedaxia.apidocs.LogUtils info
信息: info: find controller file : CommentController.java
九月 14, 2022 5:13:41 下午 io.github.yedaxia.apidocs.LogUtils info
信息: info: find controller file : ConsumerController.java
九月 14, 2022 5:13:41 下午 io.github.yedaxia.apidocs.LogUtils info
信息: info: find controller file : ListSongController.java
九月 14, 2022 5:13:41 下午 io.github.yedaxia.apidocs.LogUtils info
信息: info: find controller file : RankListController.java
九月 14, 2022 5:13:41 下午 io.github.yedaxia.apidocs.LogUtils info
信息: info: find controller file : SingerController.java
九月 14, 2022 5:13:41 下午 io.github.yedaxia.apidocs.LogUtils info
信息: info: find controller file : SongController.java
九月 14, 2022 5:13:41 下午 io.github.yedaxia.apidocs.LogUtils info
信息: info: find controller file : SongListController.java
九月 14, 2022 5:13:41 下午 io.github.yedaxia.apidocs.LogUtils info
信息: info: find controller file : UserSupportController.java
九月 14, 2022 5:13:41 下午 io.github.yedaxia.apidocs.LogUtils info
信息: info: start to parse controller file : AdminController.java
九月 14, 2022 5:13:41 下午 io.github.yedaxia.apidocs.LogUtils info
信息: info: success to parse controller file : AdminController.java
九月 14, 2022 5:13:41 下午 io.github.yedaxia.apidocs.LogUtils info
信息: info: start to parse controller file : BannerController.java
九月 14, 2022 5:13:41 下午 io.github.yedaxia.apidocs.LogUtils info
信息: info: success to parse controller file : BannerController.java
九月 14, 2022 5:13:41 下午 io.github.yedaxia.apidocs.LogUtils info
信息: info: start to parse controller file : CollectController.java
九月 14, 2022 5:13:41 下午 io.github.yedaxia.apidocs.LogUtils info
信息: info: success to parse controller file : CollectController.java
九月 14, 2022 5:13:41 下午 io.github.yedaxia.apidocs.LogUtils info
信息: info: start to parse controller file : CommentController.java
九月 14, 2022 5:13:41 下午 io.github.yedaxia.apidocs.LogUtils info
信息: info: success to parse controller file : CommentController.java
九月 14, 2022 5:13:41 下午 io.github.yedaxia.apidocs.LogUtils info
信息: info: start to parse controller file : ConsumerController.java
九月 14, 2022 5:13:41 下午 io.github.yedaxia.apidocs.LogUtils info
信息: info: success to parse controller file : ConsumerController.java
九月 14, 2022 5:13:41 下午 io.github.yedaxia.apidocs.LogUtils info
信息: info: start to parse controller file : ListSongController.java
九月 14, 2022 5:13:41 下午 io.github.yedaxia.apidocs.LogUtils info
信息: info: success to parse controller file : ListSongController.java
九月 14, 2022 5:13:41 下午 io.github.yedaxia.apidocs.LogUtils info
信息: info: start to parse controller file : RankListController.java
九月 14, 2022 5:13:41 下午 io.github.yedaxia.apidocs.LogUtils info
信息: info: success to parse controller file : RankListController.java
九月 14, 2022 5:13:41 下午 io.github.yedaxia.apidocs.LogUtils info
信息: info: start to parse controller file : SingerController.java
九月 14, 2022 5:13:41 下午 io.github.yedaxia.apidocs.LogUtils info
信息: info: success to parse controller file : SingerController.java
九月 14, 2022 5:13:41 下午 io.github.yedaxia.apidocs.LogUtils info
信息: info: start to parse controller file : SongController.java
九月 14, 2022 5:13:41 下午 io.github.yedaxia.apidocs.LogUtils info
信息: info: success to parse controller file : SongController.java
九月 14, 2022 5:13:41 下午 io.github.yedaxia.apidocs.LogUtils info
信息: info: start to parse controller file : SongListController.java
九月 14, 2022 5:13:41 下午 io.github.yedaxia.apidocs.LogUtils info
信息: info: success to parse controller file : SongListController.java
九月 14, 2022 5:13:41 下午 io.github.yedaxia.apidocs.LogUtils info
信息: info: start to parse controller file : UserSupportController.java
九月 14, 2022 5:13:41 下午 io.github.yedaxia.apidocs.LogUtils info
信息: info: success to parse controller file : UserSupportController.java
九月 14, 2022 5:13:41 下午 io.github.yedaxia.apidocs.LogUtils info
信息: info: generate api docs start...
九月 14, 2022 5:13:41 下午 io.github.yedaxia.apidocs.LogUtils info
信息: info: start to generate docs for controller file : D:\Projects\music\YY-Music\music-server\src\main\java\com\example\yy\controller\AdminController.java
九月 14, 2022 5:13:42 下午 io.github.yedaxia.apidocs.LogUtils info
信息: info: success to generate docs for controller file : D:\Projects\music\YY-Music\music-server\src\main\java\com\example\yy\controller\AdminController.java
九月 14, 2022 5:13:42 下午 io.github.yedaxia.apidocs.LogUtils info
信息: info: start to generate docs for controller file : D:\Projects\music\YY-Music\music-server\src\main\java\com\example\yy\controller\BannerController.java
九月 14, 2022 5:13:42 下午 io.github.yedaxia.apidocs.LogUtils info
信息: info: success to generate docs for controller file : D:\Projects\music\YY-Music\music-server\src\main\java\com\example\yy\controller\BannerController.java
九月 14, 2022 5:13:42 下午 io.github.yedaxia.apidocs.LogUtils info
信息: info: start to generate docs for controller file : D:\Projects\music\YY-Music\music-server\src\main\java\com\example\yy\controller\CollectController.java
九月 14, 2022 5:13:42 下午 io.github.yedaxia.apidocs.LogUtils info
信息: info: success to generate docs for controller file : D:\Projects\music\YY-Music\music-server\src\main\java\com\example\yy\controller\CollectController.java
九月 14, 2022 5:13:42 下午 io.github.yedaxia.apidocs.LogUtils info
信息: info: start to generate docs for controller file : D:\Projects\music\YY-Music\music-server\src\main\java\com\example\yy\controller\CommentController.java
九月 14, 2022 5:13:42 下午 io.github.yedaxia.apidocs.LogUtils info
信息: info: success to generate docs for controller file : D:\Projects\music\YY-Music\music-server\src\main\java\com\example\yy\controller\CommentController.java
九月 14, 2022 5:13:42 下午 io.github.yedaxia.apidocs.LogUtils info
信息: info: start to generate docs for controller file : D:\Projects\music\YY-Music\music-server\src\main\java\com\example\yy\controller\ConsumerController.java
九月 14, 2022 5:13:42 下午 io.github.yedaxia.apidocs.LogUtils info
信息: info: success to generate docs for controller file : D:\Projects\music\YY-Music\music-server\src\main\java\com\example\yy\controller\ConsumerController.java
九月 14, 2022 5:13:42 下午 io.github.yedaxia.apidocs.LogUtils info
信息: info: start to generate docs for controller file : D:\Projects\music\YY-Music\music-server\src\main\java\com\example\yy\controller\ListSongController.java
九月 14, 2022 5:13:42 下午 io.github.yedaxia.apidocs.LogUtils info
信息: info: success to generate docs for controller file : D:\Projects\music\YY-Music\music-server\src\main\java\com\example\yy\controller\ListSongController.java
九月 14, 2022 5:13:42 下午 io.github.yedaxia.apidocs.LogUtils info
信息: info: start to generate docs for controller file : D:\Projects\music\YY-Music\music-server\src\main\java\com\example\yy\controller\RankListController.java
九月 14, 2022 5:13:42 下午 io.github.yedaxia.apidocs.LogUtils info
信息: info: success to generate docs for controller file : D:\Projects\music\YY-Music\music-server\src\main\java\com\example\yy\controller\RankListController.java
九月 14, 2022 5:13:42 下午 io.github.yedaxia.apidocs.LogUtils info
信息: info: start to generate docs for controller file : D:\Projects\music\YY-Music\music-server\src\main\java\com\example\yy\controller\SingerController.java
九月 14, 2022 5:13:42 下午 io.github.yedaxia.apidocs.LogUtils info
信息: info: success to generate docs for controller file : D:\Projects\music\YY-Music\music-server\src\main\java\com\example\yy\controller\SingerController.java
九月 14, 2022 5:13:42 下午 io.github.yedaxia.apidocs.LogUtils info
信息: info: start to generate docs for controller file : D:\Projects\music\YY-Music\music-server\src\main\java\com\example\yy\controller\SongController.java
九月 14, 2022 5:13:42 下午 io.github.yedaxia.apidocs.LogUtils info
信息: info: success to generate docs for controller file : D:\Projects\music\YY-Music\music-server\src\main\java\com\example\yy\controller\SongController.java
九月 14, 2022 5:13:42 下午 io.github.yedaxia.apidocs.LogUtils info
信息: info: start to generate docs for controller file : D:\Projects\music\YY-Music\music-server\src\main\java\com\example\yy\controller\SongListController.java
九月 14, 2022 5:13:42 下午 io.github.yedaxia.apidocs.LogUtils info
信息: info: success to generate docs for controller file : D:\Projects\music\YY-Music\music-server\src\main\java\com\example\yy\controller\SongListController.java
九月 14, 2022 5:13:42 下午 io.github.yedaxia.apidocs.LogUtils info
信息: info: start to generate docs for controller file : D:\Projects\music\YY-Music\music-server\src\main\java\com\example\yy\controller\UserSupportController.java
九月 14, 2022 5:13:42 下午 io.github.yedaxia.apidocs.LogUtils info
信息: info: success to generate docs for controller file : D:\Projects\music\YY-Music\music-server\src\main\java\com\example\yy\controller\UserSupportController.java
九月 14, 2022 5:13:42 下午 io.github.yedaxia.apidocs.LogUtils info
信息: info: generate index start !!!
九月 14, 2022 5:13:42 下午 io.github.yedaxia.apidocs.LogUtils info
信息: info: generate index done !!!
九月 14, 2022 5:13:42 下午 io.github.yedaxia.apidocs.LogUtils info
信息: info: generate api docs done !!!
九月 14, 2022 5:13:43 下午 io.github.yedaxia.apidocs.LogUtils info
信息: info: find java src paths:  [D:\Projects\music\YY-Music\music-server\src\main\java\]
九月 14, 2022 5:13:43 下午 io.github.yedaxia.apidocs.LogUtils info
信息: info: project type not set, try to figure out...
九月 14, 2022 5:13:43 下午 io.github.yedaxia.apidocs.LogUtils info
信息: info: start find controllers in path : D:\Projects\music\YY-Music\music-server\src\main\java\
九月 14, 2022 5:13:43 下午 io.github.yedaxia.apidocs.LogUtils info
信息: info: find controller file : AdminController.java
九月 14, 2022 5:13:43 下午 io.github.yedaxia.apidocs.LogUtils info
信息: info: find controller file : BannerController.java
九月 14, 2022 5:13:43 下午 io.github.yedaxia.apidocs.LogUtils info
信息: info: find controller file : CollectController.java
九月 14, 2022 5:13:43 下午 io.github.yedaxia.apidocs.LogUtils info
信息: info: find controller file : CommentController.java
九月 14, 2022 5:13:43 下午 io.github.yedaxia.apidocs.LogUtils info
信息: info: find controller file : ConsumerController.java
九月 14, 2022 5:13:43 下午 io.github.yedaxia.apidocs.LogUtils info
信息: info: find controller file : ListSongController.java
九月 14, 2022 5:13:43 下午 io.github.yedaxia.apidocs.LogUtils info
信息: info: find controller file : RankListController.java
九月 14, 2022 5:13:43 下午 io.github.yedaxia.apidocs.LogUtils info
信息: info: find controller file : SingerController.java
九月 14, 2022 5:13:43 下午 io.github.yedaxia.apidocs.LogUtils info
信息: info: find controller file : SongController.java
九月 14, 2022 5:13:43 下午 io.github.yedaxia.apidocs.LogUtils info
信息: info: find controller file : SongListController.java
九月 14, 2022 5:13:43 下午 io.github.yedaxia.apidocs.LogUtils info
信息: info: find controller file : UserSupportController.java
九月 14, 2022 5:13:43 下午 io.github.yedaxia.apidocs.LogUtils info
信息: info: start to parse controller file : AdminController.java
九月 14, 2022 5:13:43 下午 io.github.yedaxia.apidocs.LogUtils info
信息: info: success to parse controller file : AdminController.java
九月 14, 2022 5:13:43 下午 io.github.yedaxia.apidocs.LogUtils info
信息: info: start to parse controller file : BannerController.java
九月 14, 2022 5:13:43 下午 io.github.yedaxia.apidocs.LogUtils info
信息: info: success to parse controller file : BannerController.java
九月 14, 2022 5:13:43 下午 io.github.yedaxia.apidocs.LogUtils info
信息: info: start to parse controller file : CollectController.java
九月 14, 2022 5:13:43 下午 io.github.yedaxia.apidocs.LogUtils info
信息: info: success to parse controller file : CollectController.java
九月 14, 2022 5:13:43 下午 io.github.yedaxia.apidocs.LogUtils info
信息: info: start to parse controller file : CommentController.java
九月 14, 2022 5:13:43 下午 io.github.yedaxia.apidocs.LogUtils info
信息: info: success to parse controller file : CommentController.java
九月 14, 2022 5:13:43 下午 io.github.yedaxia.apidocs.LogUtils info
信息: info: start to parse controller file : ConsumerController.java
九月 14, 2022 5:13:43 下午 io.github.yedaxia.apidocs.LogUtils info
信息: info: success to parse controller file : ConsumerController.java
九月 14, 2022 5:13:43 下午 io.github.yedaxia.apidocs.LogUtils info
信息: info: start to parse controller file : ListSongController.java
九月 14, 2022 5:13:43 下午 io.github.yedaxia.apidocs.LogUtils info
信息: info: success to parse controller file : ListSongController.java
九月 14, 2022 5:13:43 下午 io.github.yedaxia.apidocs.LogUtils info
信息: info: start to parse controller file : RankListController.java
九月 14, 2022 5:13:43 下午 io.github.yedaxia.apidocs.LogUtils info
信息: info: success to parse controller file : RankListController.java
九月 14, 2022 5:13:43 下午 io.github.yedaxia.apidocs.LogUtils info
信息: info: start to parse controller file : SingerController.java
九月 14, 2022 5:13:43 下午 io.github.yedaxia.apidocs.LogUtils info
信息: info: success to parse controller file : SingerController.java
九月 14, 2022 5:13:43 下午 io.github.yedaxia.apidocs.LogUtils info
信息: info: start to parse controller file : SongController.java
九月 14, 2022 5:13:43 下午 io.github.yedaxia.apidocs.LogUtils info
信息: info: success to parse controller file : SongController.java
九月 14, 2022 5:13:43 下午 io.github.yedaxia.apidocs.LogUtils info
信息: info: start to parse controller file : SongListController.java
九月 14, 2022 5:13:43 下午 io.github.yedaxia.apidocs.LogUtils info
信息: info: success to parse controller file : SongListController.java
九月 14, 2022 5:13:43 下午 io.github.yedaxia.apidocs.LogUtils info
信息: info: start to parse controller file : UserSupportController.java
九月 14, 2022 5:13:43 下午 io.github.yedaxia.apidocs.LogUtils info
信息: info: success to parse controller file : UserSupportController.java
九月 14, 2022 5:13:43 下午 io.github.yedaxia.apidocs.LogUtils info
信息: info: generate api docs start...
九月 14, 2022 5:13:43 下午 io.github.yedaxia.apidocs.LogUtils info
信息: info: start to generate docs for controller file : D:\Projects\music\YY-Music\music-server\src\main\java\com\example\yy\controller\AdminController.java
九月 14, 2022 5:13:43 下午 io.github.yedaxia.apidocs.LogUtils info
信息: info: success to generate docs for controller file : D:\Projects\music\YY-Music\music-server\src\main\java\com\example\yy\controller\AdminController.java
九月 14, 2022 5:13:43 下午 io.github.yedaxia.apidocs.LogUtils info
信息: info: start to generate docs for controller file : D:\Projects\music\YY-Music\music-server\src\main\java\com\example\yy\controller\BannerController.java
九月 14, 2022 5:13:43 下午 io.github.yedaxia.apidocs.LogUtils info
信息: info: success to generate docs for controller file : D:\Projects\music\YY-Music\music-server\src\main\java\com\example\yy\controller\BannerController.java
九月 14, 2022 5:13:43 下午 io.github.yedaxia.apidocs.LogUtils info
信息: info: start to generate docs for controller file : D:\Projects\music\YY-Music\music-server\src\main\java\com\example\yy\controller\CollectController.java
九月 14, 2022 5:13:43 下午 io.github.yedaxia.apidocs.LogUtils info
信息: info: success to generate docs for controller file : D:\Projects\music\YY-Music\music-server\src\main\java\com\example\yy\controller\CollectController.java
九月 14, 2022 5:13:43 下午 io.github.yedaxia.apidocs.LogUtils info
信息: info: start to generate docs for controller file : D:\Projects\music\YY-Music\music-server\src\main\java\com\example\yy\controller\CommentController.java
九月 14, 2022 5:13:43 下午 io.github.yedaxia.apidocs.LogUtils info
信息: info: success to generate docs for controller file : D:\Projects\music\YY-Music\music-server\src\main\java\com\example\yy\controller\CommentController.java
九月 14, 2022 5:13:43 下午 io.github.yedaxia.apidocs.LogUtils info
信息: info: start to generate docs for controller file : D:\Projects\music\YY-Music\music-server\src\main\java\com\example\yy\controller\ConsumerController.java
九月 14, 2022 5:13:43 下午 io.github.yedaxia.apidocs.LogUtils info
信息: info: success to generate docs for controller file : D:\Projects\music\YY-Music\music-server\src\main\java\com\example\yy\controller\ConsumerController.java
九月 14, 2022 5:13:43 下午 io.github.yedaxia.apidocs.LogUtils info
信息: info: start to generate docs for controller file : D:\Projects\music\YY-Music\music-server\src\main\java\com\example\yy\controller\ListSongController.java
九月 14, 2022 5:13:43 下午 io.github.yedaxia.apidocs.LogUtils info
信息: info: success to generate docs for controller file : D:\Projects\music\YY-Music\music-server\src\main\java\com\example\yy\controller\ListSongController.java
九月 14, 2022 5:13:43 下午 io.github.yedaxia.apidocs.LogUtils info
信息: info: start to generate docs for controller file : D:\Projects\music\YY-Music\music-server\src\main\java\com\example\yy\controller\RankListController.java
九月 14, 2022 5:13:43 下午 io.github.yedaxia.apidocs.LogUtils info
信息: info: success to generate docs for controller file : D:\Projects\music\YY-Music\music-server\src\main\java\com\example\yy\controller\RankListController.java
九月 14, 2022 5:13:43 下午 io.github.yedaxia.apidocs.LogUtils info
信息: info: start to generate docs for controller file : D:\Projects\music\YY-Music\music-server\src\main\java\com\example\yy\controller\SingerController.java
九月 14, 2022 5:13:43 下午 io.github.yedaxia.apidocs.LogUtils info
信息: info: success to generate docs for controller file : D:\Projects\music\YY-Music\music-server\src\main\java\com\example\yy\controller\SingerController.java
九月 14, 2022 5:13:43 下午 io.github.yedaxia.apidocs.LogUtils info
信息: info: start to generate docs for controller file : D:\Projects\music\YY-Music\music-server\src\main\java\com\example\yy\controller\SongController.java
九月 14, 2022 5:13:43 下午 io.github.yedaxia.apidocs.LogUtils info
信息: info: success to generate docs for controller file : D:\Projects\music\YY-Music\music-server\src\main\java\com\example\yy\controller\SongController.java
九月 14, 2022 5:13:43 下午 io.github.yedaxia.apidocs.LogUtils info
信息: info: start to generate docs for controller file : D:\Projects\music\YY-Music\music-server\src\main\java\com\example\yy\controller\SongListController.java
九月 14, 2022 5:13:43 下午 io.github.yedaxia.apidocs.LogUtils info
信息: info: success to generate docs for controller file : D:\Projects\music\YY-Music\music-server\src\main\java\com\example\yy\controller\SongListController.java
九月 14, 2022 5:13:43 下午 io.github.yedaxia.apidocs.LogUtils info
信息: info: start to generate docs for controller file : D:\Projects\music\YY-Music\music-server\src\main\java\com\example\yy\controller\UserSupportController.java
九月 14, 2022 5:13:43 下午 io.github.yedaxia.apidocs.LogUtils info
信息: info: success to generate docs for controller file : D:\Projects\music\YY-Music\music-server\src\main\java\com\example\yy\controller\UserSupportController.java
九月 14, 2022 5:13:43 下午 io.github.yedaxia.apidocs.LogUtils info
信息: info: generate index start !!!
九月 14, 2022 5:13:43 下午 io.github.yedaxia.apidocs.LogUtils info
信息: info: generate index done !!!
九月 14, 2022 5:13:43 下午 io.github.yedaxia.apidocs.LogUtils info
信息: info: generate api docs done !!!
