十月 13, 2022 3:47:18 下午 io.github.yedaxia.apidocs.LogUtils info
信息: info: find java src paths:  [D:\Projects\music\YY-Music\music-server\src\main\java\]
十月 13, 2022 3:47:18 下午 io.github.yedaxia.apidocs.LogUtils info
信息: info: project type not set, try to figure out...
十月 13, 2022 3:47:18 下午 io.github.yedaxia.apidocs.LogUtils info
信息: info: start find controllers in path : D:\Projects\music\YY-Music\music-server\src\main\java\
十月 13, 2022 3:47:19 下午 io.github.yedaxia.apidocs.LogUtils info
信息: info: find controller file : AdminController.java
十月 13, 2022 3:47:19 下午 io.github.yedaxia.apidocs.LogUtils info
信息: info: find controller file : BannerController.java
十月 13, 2022 3:47:19 下午 io.github.yedaxia.apidocs.LogUtils info
信息: info: find controller file : CollectController.java
十月 13, 2022 3:47:19 下午 io.github.yedaxia.apidocs.LogUtils info
信息: info: find controller file : CommentController.java
十月 13, 2022 3:47:19 下午 io.github.yedaxia.apidocs.LogUtils info
信息: info: find controller file : ConsumerController.java
十月 13, 2022 3:47:19 下午 io.github.yedaxia.apidocs.LogUtils info
信息: info: find controller file : FeedbackController.java
十月 13, 2022 3:47:19 下午 io.github.yedaxia.apidocs.LogUtils info
信息: info: find controller file : ListSongController.java
十月 13, 2022 3:47:19 下午 io.github.yedaxia.apidocs.LogUtils info
信息: info: find controller file : MessageBoardController.java
十月 13, 2022 3:47:19 下午 io.github.yedaxia.apidocs.LogUtils info
信息: info: find controller file : RankListController.java
十月 13, 2022 3:47:19 下午 io.github.yedaxia.apidocs.LogUtils info
信息: info: find controller file : SingerController.java
十月 13, 2022 3:47:19 下午 io.github.yedaxia.apidocs.LogUtils info
信息: info: find controller file : SongController.java
十月 13, 2022 3:47:19 下午 io.github.yedaxia.apidocs.LogUtils info
信息: info: find controller file : SongListController.java
十月 13, 2022 3:47:19 下午 io.github.yedaxia.apidocs.LogUtils info
信息: info: find controller file : UserSupportController.java
十月 13, 2022 3:47:19 下午 io.github.yedaxia.apidocs.LogUtils info
信息: info: start to parse controller file : AdminController.java
十月 13, 2022 3:47:19 下午 io.github.yedaxia.apidocs.LogUtils info
信息: info: success to parse controller file : AdminController.java
十月 13, 2022 3:47:19 下午 io.github.yedaxia.apidocs.LogUtils info
信息: info: start to parse controller file : BannerController.java
十月 13, 2022 3:47:19 下午 io.github.yedaxia.apidocs.LogUtils info
信息: info: success to parse controller file : BannerController.java
十月 13, 2022 3:47:19 下午 io.github.yedaxia.apidocs.LogUtils info
信息: info: start to parse controller file : CollectController.java
十月 13, 2022 3:47:19 下午 io.github.yedaxia.apidocs.LogUtils info
信息: info: success to parse controller file : CollectController.java
十月 13, 2022 3:47:19 下午 io.github.yedaxia.apidocs.LogUtils info
信息: info: start to parse controller file : CommentController.java
十月 13, 2022 3:47:19 下午 io.github.yedaxia.apidocs.LogUtils info
信息: info: success to parse controller file : CommentController.java
十月 13, 2022 3:47:19 下午 io.github.yedaxia.apidocs.LogUtils info
信息: info: start to parse controller file : ConsumerController.java
十月 13, 2022 3:47:19 下午 io.github.yedaxia.apidocs.LogUtils info
信息: info: success to parse controller file : ConsumerController.java
十月 13, 2022 3:47:19 下午 io.github.yedaxia.apidocs.LogUtils info
信息: info: start to parse controller file : FeedbackController.java
十月 13, 2022 3:47:19 下午 io.github.yedaxia.apidocs.LogUtils info
信息: info: success to parse controller file : FeedbackController.java
十月 13, 2022 3:47:19 下午 io.github.yedaxia.apidocs.LogUtils info
信息: info: start to parse controller file : ListSongController.java
十月 13, 2022 3:47:19 下午 io.github.yedaxia.apidocs.LogUtils info
信息: info: success to parse controller file : ListSongController.java
十月 13, 2022 3:47:19 下午 io.github.yedaxia.apidocs.LogUtils info
信息: info: start to parse controller file : MessageBoardController.java
十月 13, 2022 3:47:19 下午 io.github.yedaxia.apidocs.LogUtils info
信息: info: success to parse controller file : MessageBoardController.java
十月 13, 2022 3:47:19 下午 io.github.yedaxia.apidocs.LogUtils info
信息: info: start to parse controller file : RankListController.java
十月 13, 2022 3:47:19 下午 io.github.yedaxia.apidocs.LogUtils info
信息: info: success to parse controller file : RankListController.java
十月 13, 2022 3:47:19 下午 io.github.yedaxia.apidocs.LogUtils info
信息: info: start to parse controller file : SingerController.java
十月 13, 2022 3:47:19 下午 io.github.yedaxia.apidocs.LogUtils info
信息: info: success to parse controller file : SingerController.java
十月 13, 2022 3:47:19 下午 io.github.yedaxia.apidocs.LogUtils info
信息: info: start to parse controller file : SongController.java
十月 13, 2022 3:47:19 下午 io.github.yedaxia.apidocs.LogUtils info
信息: info: success to parse controller file : SongController.java
十月 13, 2022 3:47:19 下午 io.github.yedaxia.apidocs.LogUtils info
信息: info: start to parse controller file : SongListController.java
十月 13, 2022 3:47:19 下午 io.github.yedaxia.apidocs.LogUtils info
信息: info: success to parse controller file : SongListController.java
十月 13, 2022 3:47:19 下午 io.github.yedaxia.apidocs.LogUtils info
信息: info: start to parse controller file : UserSupportController.java
十月 13, 2022 3:47:19 下午 io.github.yedaxia.apidocs.LogUtils info
信息: info: success to parse controller file : UserSupportController.java
十月 13, 2022 3:47:19 下午 io.github.yedaxia.apidocs.LogUtils info
信息: info: generate api docs start...
十月 13, 2022 3:47:19 下午 io.github.yedaxia.apidocs.LogUtils info
信息: info: start to generate docs for controller file : D:\Projects\music\YY-Music\music-server\src\main\java\com\example\yy\controller\AdminController.java
十月 13, 2022 3:47:20 下午 io.github.yedaxia.apidocs.LogUtils info
信息: info: success to generate docs for controller file : D:\Projects\music\YY-Music\music-server\src\main\java\com\example\yy\controller\AdminController.java
十月 13, 2022 3:47:20 下午 io.github.yedaxia.apidocs.LogUtils info
信息: info: start to generate docs for controller file : D:\Projects\music\YY-Music\music-server\src\main\java\com\example\yy\controller\BannerController.java
十月 13, 2022 3:47:20 下午 io.github.yedaxia.apidocs.LogUtils info
信息: info: success to generate docs for controller file : D:\Projects\music\YY-Music\music-server\src\main\java\com\example\yy\controller\BannerController.java
十月 13, 2022 3:47:20 下午 io.github.yedaxia.apidocs.LogUtils info
信息: info: start to generate docs for controller file : D:\Projects\music\YY-Music\music-server\src\main\java\com\example\yy\controller\CollectController.java
十月 13, 2022 3:47:20 下午 io.github.yedaxia.apidocs.LogUtils info
信息: info: success to generate docs for controller file : D:\Projects\music\YY-Music\music-server\src\main\java\com\example\yy\controller\CollectController.java
十月 13, 2022 3:47:20 下午 io.github.yedaxia.apidocs.LogUtils info
信息: info: start to generate docs for controller file : D:\Projects\music\YY-Music\music-server\src\main\java\com\example\yy\controller\CommentController.java
十月 13, 2022 3:47:20 下午 io.github.yedaxia.apidocs.LogUtils info
信息: info: success to generate docs for controller file : D:\Projects\music\YY-Music\music-server\src\main\java\com\example\yy\controller\CommentController.java
十月 13, 2022 3:47:20 下午 io.github.yedaxia.apidocs.LogUtils info
信息: info: start to generate docs for controller file : D:\Projects\music\YY-Music\music-server\src\main\java\com\example\yy\controller\ConsumerController.java
十月 13, 2022 3:47:20 下午 io.github.yedaxia.apidocs.LogUtils info
信息: info: success to generate docs for controller file : D:\Projects\music\YY-Music\music-server\src\main\java\com\example\yy\controller\ConsumerController.java
十月 13, 2022 3:47:20 下午 io.github.yedaxia.apidocs.LogUtils info
信息: info: start to generate docs for controller file : D:\Projects\music\YY-Music\music-server\src\main\java\com\example\yy\controller\FeedbackController.java
十月 13, 2022 3:47:20 下午 io.github.yedaxia.apidocs.LogUtils info
信息: info: success to generate docs for controller file : D:\Projects\music\YY-Music\music-server\src\main\java\com\example\yy\controller\FeedbackController.java
十月 13, 2022 3:47:20 下午 io.github.yedaxia.apidocs.LogUtils info
信息: info: start to generate docs for controller file : D:\Projects\music\YY-Music\music-server\src\main\java\com\example\yy\controller\ListSongController.java
十月 13, 2022 3:47:20 下午 io.github.yedaxia.apidocs.LogUtils info
信息: info: success to generate docs for controller file : D:\Projects\music\YY-Music\music-server\src\main\java\com\example\yy\controller\ListSongController.java
十月 13, 2022 3:47:20 下午 io.github.yedaxia.apidocs.LogUtils info
信息: info: start to generate docs for controller file : D:\Projects\music\YY-Music\music-server\src\main\java\com\example\yy\controller\MessageBoardController.java
十月 13, 2022 3:47:20 下午 io.github.yedaxia.apidocs.LogUtils info
信息: info: success to generate docs for controller file : D:\Projects\music\YY-Music\music-server\src\main\java\com\example\yy\controller\MessageBoardController.java
十月 13, 2022 3:47:20 下午 io.github.yedaxia.apidocs.LogUtils info
信息: info: start to generate docs for controller file : D:\Projects\music\YY-Music\music-server\src\main\java\com\example\yy\controller\RankListController.java
十月 13, 2022 3:47:20 下午 io.github.yedaxia.apidocs.LogUtils info
信息: info: success to generate docs for controller file : D:\Projects\music\YY-Music\music-server\src\main\java\com\example\yy\controller\RankListController.java
十月 13, 2022 3:47:20 下午 io.github.yedaxia.apidocs.LogUtils info
信息: info: start to generate docs for controller file : D:\Projects\music\YY-Music\music-server\src\main\java\com\example\yy\controller\SingerController.java
十月 13, 2022 3:47:20 下午 io.github.yedaxia.apidocs.LogUtils info
信息: info: success to generate docs for controller file : D:\Projects\music\YY-Music\music-server\src\main\java\com\example\yy\controller\SingerController.java
十月 13, 2022 3:47:20 下午 io.github.yedaxia.apidocs.LogUtils info
信息: info: start to generate docs for controller file : D:\Projects\music\YY-Music\music-server\src\main\java\com\example\yy\controller\SongController.java
十月 13, 2022 3:47:20 下午 io.github.yedaxia.apidocs.LogUtils info
信息: info: success to generate docs for controller file : D:\Projects\music\YY-Music\music-server\src\main\java\com\example\yy\controller\SongController.java
十月 13, 2022 3:47:20 下午 io.github.yedaxia.apidocs.LogUtils info
信息: info: start to generate docs for controller file : D:\Projects\music\YY-Music\music-server\src\main\java\com\example\yy\controller\SongListController.java
十月 13, 2022 3:47:20 下午 io.github.yedaxia.apidocs.LogUtils info
信息: info: success to generate docs for controller file : D:\Projects\music\YY-Music\music-server\src\main\java\com\example\yy\controller\SongListController.java
十月 13, 2022 3:47:20 下午 io.github.yedaxia.apidocs.LogUtils info
信息: info: start to generate docs for controller file : D:\Projects\music\YY-Music\music-server\src\main\java\com\example\yy\controller\UserSupportController.java
十月 13, 2022 3:47:20 下午 io.github.yedaxia.apidocs.LogUtils info
信息: info: success to generate docs for controller file : D:\Projects\music\YY-Music\music-server\src\main\java\com\example\yy\controller\UserSupportController.java
十月 13, 2022 3:47:20 下午 io.github.yedaxia.apidocs.LogUtils info
信息: info: generate index start !!!
十月 13, 2022 3:47:20 下午 io.github.yedaxia.apidocs.LogUtils info
信息: info: generate index done !!!
十月 13, 2022 3:47:20 下午 io.github.yedaxia.apidocs.LogUtils info
信息: info: generate api docs done !!!
十月 13, 2022 3:47:21 下午 io.github.yedaxia.apidocs.LogUtils info
信息: info: find java src paths:  [D:\Projects\music\YY-Music\music-server\src\main\java\]
十月 13, 2022 3:47:21 下午 io.github.yedaxia.apidocs.LogUtils info
信息: info: project type not set, try to figure out...
十月 13, 2022 3:47:21 下午 io.github.yedaxia.apidocs.LogUtils info
信息: info: start find controllers in path : D:\Projects\music\YY-Music\music-server\src\main\java\
十月 13, 2022 3:47:21 下午 io.github.yedaxia.apidocs.LogUtils info
信息: info: find controller file : AdminController.java
十月 13, 2022 3:47:21 下午 io.github.yedaxia.apidocs.LogUtils info
信息: info: find controller file : BannerController.java
十月 13, 2022 3:47:21 下午 io.github.yedaxia.apidocs.LogUtils info
信息: info: find controller file : CollectController.java
十月 13, 2022 3:47:21 下午 io.github.yedaxia.apidocs.LogUtils info
信息: info: find controller file : CommentController.java
十月 13, 2022 3:47:21 下午 io.github.yedaxia.apidocs.LogUtils info
信息: info: find controller file : ConsumerController.java
十月 13, 2022 3:47:21 下午 io.github.yedaxia.apidocs.LogUtils info
信息: info: find controller file : FeedbackController.java
十月 13, 2022 3:47:21 下午 io.github.yedaxia.apidocs.LogUtils info
信息: info: find controller file : ListSongController.java
十月 13, 2022 3:47:21 下午 io.github.yedaxia.apidocs.LogUtils info
信息: info: find controller file : MessageBoardController.java
十月 13, 2022 3:47:21 下午 io.github.yedaxia.apidocs.LogUtils info
信息: info: find controller file : RankListController.java
十月 13, 2022 3:47:21 下午 io.github.yedaxia.apidocs.LogUtils info
信息: info: find controller file : SingerController.java
十月 13, 2022 3:47:21 下午 io.github.yedaxia.apidocs.LogUtils info
信息: info: find controller file : SongController.java
十月 13, 2022 3:47:21 下午 io.github.yedaxia.apidocs.LogUtils info
信息: info: find controller file : SongListController.java
十月 13, 2022 3:47:21 下午 io.github.yedaxia.apidocs.LogUtils info
信息: info: find controller file : UserSupportController.java
十月 13, 2022 3:47:21 下午 io.github.yedaxia.apidocs.LogUtils info
信息: info: start to parse controller file : AdminController.java
十月 13, 2022 3:47:21 下午 io.github.yedaxia.apidocs.LogUtils info
信息: info: success to parse controller file : AdminController.java
十月 13, 2022 3:47:21 下午 io.github.yedaxia.apidocs.LogUtils info
信息: info: start to parse controller file : BannerController.java
十月 13, 2022 3:47:21 下午 io.github.yedaxia.apidocs.LogUtils info
信息: info: success to parse controller file : BannerController.java
十月 13, 2022 3:47:21 下午 io.github.yedaxia.apidocs.LogUtils info
信息: info: start to parse controller file : CollectController.java
十月 13, 2022 3:47:21 下午 io.github.yedaxia.apidocs.LogUtils info
信息: info: success to parse controller file : CollectController.java
十月 13, 2022 3:47:21 下午 io.github.yedaxia.apidocs.LogUtils info
信息: info: start to parse controller file : CommentController.java
十月 13, 2022 3:47:21 下午 io.github.yedaxia.apidocs.LogUtils info
信息: info: success to parse controller file : CommentController.java
十月 13, 2022 3:47:21 下午 io.github.yedaxia.apidocs.LogUtils info
信息: info: start to parse controller file : ConsumerController.java
十月 13, 2022 3:47:21 下午 io.github.yedaxia.apidocs.LogUtils info
信息: info: success to parse controller file : ConsumerController.java
十月 13, 2022 3:47:21 下午 io.github.yedaxia.apidocs.LogUtils info
信息: info: start to parse controller file : FeedbackController.java
十月 13, 2022 3:47:21 下午 io.github.yedaxia.apidocs.LogUtils info
信息: info: success to parse controller file : FeedbackController.java
十月 13, 2022 3:47:21 下午 io.github.yedaxia.apidocs.LogUtils info
信息: info: start to parse controller file : ListSongController.java
十月 13, 2022 3:47:21 下午 io.github.yedaxia.apidocs.LogUtils info
信息: info: success to parse controller file : ListSongController.java
十月 13, 2022 3:47:21 下午 io.github.yedaxia.apidocs.LogUtils info
信息: info: start to parse controller file : MessageBoardController.java
十月 13, 2022 3:47:21 下午 io.github.yedaxia.apidocs.LogUtils info
信息: info: success to parse controller file : MessageBoardController.java
十月 13, 2022 3:47:21 下午 io.github.yedaxia.apidocs.LogUtils info
信息: info: start to parse controller file : RankListController.java
十月 13, 2022 3:47:21 下午 io.github.yedaxia.apidocs.LogUtils info
信息: info: success to parse controller file : RankListController.java
十月 13, 2022 3:47:21 下午 io.github.yedaxia.apidocs.LogUtils info
信息: info: start to parse controller file : SingerController.java
十月 13, 2022 3:47:21 下午 io.github.yedaxia.apidocs.LogUtils info
信息: info: success to parse controller file : SingerController.java
十月 13, 2022 3:47:21 下午 io.github.yedaxia.apidocs.LogUtils info
信息: info: start to parse controller file : SongController.java
十月 13, 2022 3:47:21 下午 io.github.yedaxia.apidocs.LogUtils info
信息: info: success to parse controller file : SongController.java
十月 13, 2022 3:47:21 下午 io.github.yedaxia.apidocs.LogUtils info
信息: info: start to parse controller file : SongListController.java
十月 13, 2022 3:47:21 下午 io.github.yedaxia.apidocs.LogUtils info
信息: info: success to parse controller file : SongListController.java
十月 13, 2022 3:47:21 下午 io.github.yedaxia.apidocs.LogUtils info
信息: info: start to parse controller file : UserSupportController.java
十月 13, 2022 3:47:21 下午 io.github.yedaxia.apidocs.LogUtils info
信息: info: success to parse controller file : UserSupportController.java
十月 13, 2022 3:47:21 下午 io.github.yedaxia.apidocs.LogUtils info
信息: info: generate api docs start...
十月 13, 2022 3:47:21 下午 io.github.yedaxia.apidocs.LogUtils info
信息: info: start to generate docs for controller file : D:\Projects\music\YY-Music\music-server\src\main\java\com\example\yy\controller\AdminController.java
十月 13, 2022 3:47:21 下午 io.github.yedaxia.apidocs.LogUtils info
信息: info: success to generate docs for controller file : D:\Projects\music\YY-Music\music-server\src\main\java\com\example\yy\controller\AdminController.java
十月 13, 2022 3:47:21 下午 io.github.yedaxia.apidocs.LogUtils info
信息: info: start to generate docs for controller file : D:\Projects\music\YY-Music\music-server\src\main\java\com\example\yy\controller\BannerController.java
十月 13, 2022 3:47:21 下午 io.github.yedaxia.apidocs.LogUtils info
信息: info: success to generate docs for controller file : D:\Projects\music\YY-Music\music-server\src\main\java\com\example\yy\controller\BannerController.java
十月 13, 2022 3:47:21 下午 io.github.yedaxia.apidocs.LogUtils info
信息: info: start to generate docs for controller file : D:\Projects\music\YY-Music\music-server\src\main\java\com\example\yy\controller\CollectController.java
十月 13, 2022 3:47:21 下午 io.github.yedaxia.apidocs.LogUtils info
信息: info: success to generate docs for controller file : D:\Projects\music\YY-Music\music-server\src\main\java\com\example\yy\controller\CollectController.java
十月 13, 2022 3:47:21 下午 io.github.yedaxia.apidocs.LogUtils info
信息: info: start to generate docs for controller file : D:\Projects\music\YY-Music\music-server\src\main\java\com\example\yy\controller\CommentController.java
十月 13, 2022 3:47:21 下午 io.github.yedaxia.apidocs.LogUtils info
信息: info: success to generate docs for controller file : D:\Projects\music\YY-Music\music-server\src\main\java\com\example\yy\controller\CommentController.java
十月 13, 2022 3:47:21 下午 io.github.yedaxia.apidocs.LogUtils info
信息: info: start to generate docs for controller file : D:\Projects\music\YY-Music\music-server\src\main\java\com\example\yy\controller\ConsumerController.java
十月 13, 2022 3:47:21 下午 io.github.yedaxia.apidocs.LogUtils info
信息: info: success to generate docs for controller file : D:\Projects\music\YY-Music\music-server\src\main\java\com\example\yy\controller\ConsumerController.java
十月 13, 2022 3:47:21 下午 io.github.yedaxia.apidocs.LogUtils info
信息: info: start to generate docs for controller file : D:\Projects\music\YY-Music\music-server\src\main\java\com\example\yy\controller\FeedbackController.java
十月 13, 2022 3:47:21 下午 io.github.yedaxia.apidocs.LogUtils info
信息: info: success to generate docs for controller file : D:\Projects\music\YY-Music\music-server\src\main\java\com\example\yy\controller\FeedbackController.java
十月 13, 2022 3:47:21 下午 io.github.yedaxia.apidocs.LogUtils info
信息: info: start to generate docs for controller file : D:\Projects\music\YY-Music\music-server\src\main\java\com\example\yy\controller\ListSongController.java
十月 13, 2022 3:47:22 下午 io.github.yedaxia.apidocs.LogUtils info
信息: info: success to generate docs for controller file : D:\Projects\music\YY-Music\music-server\src\main\java\com\example\yy\controller\ListSongController.java
十月 13, 2022 3:47:22 下午 io.github.yedaxia.apidocs.LogUtils info
信息: info: start to generate docs for controller file : D:\Projects\music\YY-Music\music-server\src\main\java\com\example\yy\controller\MessageBoardController.java
十月 13, 2022 3:47:22 下午 io.github.yedaxia.apidocs.LogUtils info
信息: info: success to generate docs for controller file : D:\Projects\music\YY-Music\music-server\src\main\java\com\example\yy\controller\MessageBoardController.java
十月 13, 2022 3:47:22 下午 io.github.yedaxia.apidocs.LogUtils info
信息: info: start to generate docs for controller file : D:\Projects\music\YY-Music\music-server\src\main\java\com\example\yy\controller\RankListController.java
十月 13, 2022 3:47:22 下午 io.github.yedaxia.apidocs.LogUtils info
信息: info: success to generate docs for controller file : D:\Projects\music\YY-Music\music-server\src\main\java\com\example\yy\controller\RankListController.java
十月 13, 2022 3:47:22 下午 io.github.yedaxia.apidocs.LogUtils info
信息: info: start to generate docs for controller file : D:\Projects\music\YY-Music\music-server\src\main\java\com\example\yy\controller\SingerController.java
十月 13, 2022 3:47:22 下午 io.github.yedaxia.apidocs.LogUtils info
信息: info: success to generate docs for controller file : D:\Projects\music\YY-Music\music-server\src\main\java\com\example\yy\controller\SingerController.java
十月 13, 2022 3:47:22 下午 io.github.yedaxia.apidocs.LogUtils info
信息: info: start to generate docs for controller file : D:\Projects\music\YY-Music\music-server\src\main\java\com\example\yy\controller\SongController.java
十月 13, 2022 3:47:22 下午 io.github.yedaxia.apidocs.LogUtils info
信息: info: success to generate docs for controller file : D:\Projects\music\YY-Music\music-server\src\main\java\com\example\yy\controller\SongController.java
十月 13, 2022 3:47:22 下午 io.github.yedaxia.apidocs.LogUtils info
信息: info: start to generate docs for controller file : D:\Projects\music\YY-Music\music-server\src\main\java\com\example\yy\controller\SongListController.java
十月 13, 2022 3:47:22 下午 io.github.yedaxia.apidocs.LogUtils info
信息: info: success to generate docs for controller file : D:\Projects\music\YY-Music\music-server\src\main\java\com\example\yy\controller\SongListController.java
十月 13, 2022 3:47:22 下午 io.github.yedaxia.apidocs.LogUtils info
信息: info: start to generate docs for controller file : D:\Projects\music\YY-Music\music-server\src\main\java\com\example\yy\controller\UserSupportController.java
十月 13, 2022 3:47:22 下午 io.github.yedaxia.apidocs.LogUtils info
信息: info: success to generate docs for controller file : D:\Projects\music\YY-Music\music-server\src\main\java\com\example\yy\controller\UserSupportController.java
十月 13, 2022 3:47:22 下午 io.github.yedaxia.apidocs.LogUtils info
信息: info: generate index start !!!
十月 13, 2022 3:47:22 下午 io.github.yedaxia.apidocs.LogUtils info
信息: info: generate index done !!!
十月 13, 2022 3:47:22 下午 io.github.yedaxia.apidocs.LogUtils info
信息: info: generate api docs done !!!
